mode: set
codecodriver/cmd/embedding-smoke/main.go:11.13,14.16 3 0
codecodriver/cmd/embedding-smoke/main.go:14.16,17.3 2 0
codecodriver/cmd/embedding-smoke/main.go:18.2,18.47 1 0
codecodriver/cmd/embedding-smoke/main.go:18.47,21.3 2 0
codecodriver/cmd/embedding-smoke/main.go:22.2,22.96 1 0
codecodriver/cmd/deepseek-smoke/main.go:12.13,14.16 2 0
codecodriver/cmd/deepseek-smoke/main.go:14.16,16.3 1 0
codecodriver/cmd/deepseek-smoke/main.go:17.2,20.16 4 0
codecodriver/cmd/deepseek-smoke/main.go:20.16,22.3 1 0
codecodriver/cmd/deepseek-smoke/main.go:23.2,23.21 1 0
codecodriver/cmd/api/main.go:20.13,24.23 4 0
codecodriver/cmd/api/main.go:24.23,26.3 1 0
codecodriver/cmd/api/main.go:27.2,29.16 3 0
codecodriver/cmd/api/main.go:29.16,31.3 1 0
codecodriver/cmd/api/main.go:32.2,35.16 4 0
codecodriver/cmd/api/main.go:35.16,37.3 1 0
codecodriver/cmd/api/main.go:38.2,39.72 2 0
codecodriver/cmd/api/main.go:39.72,41.17 2 0
codecodriver/cmd/api/main.go:41.17,43.4 1 0
codecodriver/cmd/api/main.go:44.3,46.65 3 0
codecodriver/cmd/api/main.go:48.2,50.16 3 0
codecodriver/cmd/api/main.go:50.16,52.3 1 0
codecodriver/cmd/api/main.go:53.2,54.12 2 0
codecodriver/cmd/api/main.go:54.12,59.3 4 0
codecodriver/cmd/api/main.go:60.2,61.83 2 0
codecodriver/cmd/api/main.go:61.83,63.3 1 0
codecodriver/internal/indexer/indexer.go:21.21,21.42 1 1
codecodriver/internal/indexer/indexer.go:47.118,49.91 2 1
codecodriver/internal/indexer/indexer.go:49.91,50.21 1 1
codecodriver/internal/indexer/indexer.go:50.21,52.4 1 0
codecodriver/internal/indexer/indexer.go:53.3,53.16 1 1
codecodriver/internal/indexer/indexer.go:53.16,54.46 1 1
codecodriver/internal/indexer/indexer.go:54.46,56.5 1 1
codecodriver/internal/indexer/indexer.go:57.4,57.14 1 1
codecodriver/internal/indexer/indexer.go:59.3,60.17 2 1
codecodriver/internal/indexer/indexer.go:60.17,62.4 1 0
codecodriver/internal/indexer/indexer.go:63.3,63.32 1 1
codecodriver/internal/indexer/indexer.go:63.32,65.4 1 0
codecodriver/internal/indexer/indexer.go:66.3,67.42 2 1
codecodriver/internal/indexer/indexer.go:67.42,69.4 1 0
codecodriver/internal/indexer/indexer.go:70.3,71.17 2 1
codecodriver/internal/indexer/indexer.go:71.17,73.4 1 0
codecodriver/internal/indexer/indexer.go:74.3,77.21 4 1
codecodriver/internal/indexer/indexer.go:77.21,79.4 1 0
codecodriver/internal/indexer/indexer.go:80.3,80.22 1 1
codecodriver/internal/indexer/indexer.go:80.22,82.4 1 0
codecodriver/internal/indexer/indexer.go:83.3,88.13 6 1
codecodriver/internal/indexer/indexer.go:90.2,90.16 1 1
codecodriver/internal/indexer/indexer.go:90.16,92.3 1 0
codecodriver/internal/indexer/indexer.go:93.2,94.40 2 1
codecodriver/internal/indexer/indexer.go:94.40,94.80 1 0
codecodriver/internal/indexer/indexer.go:95.2,95.34 1 1
codecodriver/internal/indexer/indexer.go:98.29,99.11 1 1
codecodriver/internal/indexer/indexer.go:100.87,101.14 1 1
codecodriver/internal/indexer/indexer.go:103.2,103.14 1 0
codecodriver/internal/indexer/indexer.go:105.32,106.42 1 1
codecodriver/internal/indexer/indexer.go:107.13,108.14 1 1
codecodriver/internal/indexer/indexer.go:109.13,110.18 1 0
codecodriver/internal/indexer/indexer.go:111.21,112.22 1 0
codecodriver/internal/indexer/indexer.go:113.21,114.22 1 0
codecodriver/internal/indexer/indexer.go:115.15,116.16 1 0
codecodriver/internal/indexer/indexer.go:117.13,118.16 1 0
codecodriver/internal/indexer/indexer.go:119.13,120.20 1 0
codecodriver/internal/indexer/indexer.go:121.23,122.16 1 0
codecodriver/internal/indexer/indexer.go:123.15,124.16 1 0
codecodriver/internal/indexer/indexer.go:126.2,126.11 1 0
codecodriver/internal/indexer/indexer.go:128.32,129.28 1 0
codecodriver/internal/indexer/indexer.go:130.66,131.14 1 0
codecodriver/internal/indexer/indexer.go:133.2,133.14 1 0
codecodriver/internal/indexer/indexer.go:135.41,137.15 2 1
codecodriver/internal/indexer/indexer.go:137.15,139.14 2 1
codecodriver/internal/indexer/indexer.go:139.14,140.20 1 1
codecodriver/internal/indexer/indexer.go:140.20,142.5 1 0
codecodriver/internal/indexer/indexer.go:143.4,143.12 1 1
codecodriver/internal/indexer/indexer.go:146.2,146.11 1 0
codecodriver/internal/indexer/indexer.go:148.72,150.24 2 1
codecodriver/internal/indexer/indexer.go:150.24,152.3 1 0
codecodriver/internal/indexer/indexer.go:153.2,156.15 4 1
codecodriver/internal/indexer/indexer.go:156.15,159.30 3 1
codecodriver/internal/indexer/indexer.go:159.30,160.54 1 1
codecodriver/internal/indexer/indexer.go:160.54,162.10 2 1
codecodriver/internal/indexer/indexer.go:166.2,166.12 1 1
codecodriver/internal/indexer/indexer.go:168.40,170.22 2 1
codecodriver/internal/indexer/indexer.go:170.22,171.23 1 1
codecodriver/internal/indexer/indexer.go:171.23,173.4 1 1
codecodriver/internal/indexer/indexer.go:175.2,175.13 1 1
codecodriver/internal/store/embedding.go:16.44,18.62 2 1
codecodriver/internal/store/embedding.go:18.62,19.20 1 1
codecodriver/internal/store/embedding.go:19.20,20.12 1 0
codecodriver/internal/store/embedding.go:22.3,25.18 4 1
codecodriver/internal/store/embedding.go:27.2,28.15 2 1
codecodriver/internal/store/embedding.go:31.43,33.31 2 1
codecodriver/internal/store/embedding.go:33.31,35.3 1 1
codecodriver/internal/store/embedding.go:36.2,36.15 1 1
codecodriver/internal/store/embedding.go:36.15,38.3 1 0
codecodriver/internal/store/embedding.go:39.2,40.24 2 1
codecodriver/internal/store/embedding.go:40.24,42.3 1 1
codecodriver/internal/store/embedding.go:45.54,46.39 1 1
codecodriver/internal/store/embedding.go:46.39,48.3 1 0
codecodriver/internal/store/embedding.go:49.2,50.24 2 1
codecodriver/internal/store/embedding.go:50.24,52.3 1 0
codecodriver/internal/store/embedding.go:53.2,54.29 2 1
codecodriver/internal/store/embedding.go:54.29,56.3 1 1
codecodriver/internal/store/embedding.go:57.2,57.14 1 1
codecodriver/internal/store/embedding.go:60.116,73.2 4 1
codecodriver/internal/store/embedding.go:75.114,77.17 2 1
codecodriver/internal/store/embedding.go:77.17,79.3 1 0
codecodriver/internal/store/embedding.go:80.2,81.13 2 1
codecodriver/internal/store/embedding.go:81.13,83.3 1 0
codecodriver/internal/store/embedding.go:84.2,86.50 3 1
codecodriver/internal/store/embedding_provider.go:34.93,36.29 2 1
codecodriver/internal/store/embedding_provider.go:36.29,38.3 1 1
codecodriver/internal/store/embedding_provider.go:39.2,39.21 1 1
codecodriver/internal/store/embedding_provider.go:42.45,42.63 1 1
codecodriver/internal/store/embedding_provider.go:43.48,45.2 1 0
codecodriver/internal/store/embedding_provider.go:56.115,57.38 1 1
codecodriver/internal/store/embedding_provider.go:57.38,59.3 1 0
codecodriver/internal/store/embedding_provider.go:60.2,60.36 1 1
codecodriver/internal/store/embedding_provider.go:60.36,62.3 1 0
codecodriver/internal/store/embedding_provider.go:63.2,63.18 1 1
codecodriver/internal/store/embedding_provider.go:63.18,65.3 1 0
codecodriver/internal/store/embedding_provider.go:66.2,71.3 1 1
codecodriver/internal/store/embedding_provider.go:76.54,78.29 2 1
codecodriver/internal/store/embedding_provider.go:78.29,80.3 1 0
codecodriver/internal/store/embedding_provider.go:81.2,81.80 1 1
codecodriver/internal/store/embedding_provider.go:81.80,84.3 2 0
codecodriver/internal/store/embedding_provider.go:85.2,86.37 2 1
codecodriver/internal/store/embedding_provider.go:86.37,88.3 1 1
codecodriver/internal/store/embedding_provider.go:89.2,92.94 4 0
codecodriver/internal/store/embedding_provider.go:92.94,93.67 1 0
codecodriver/internal/store/embedding_provider.go:93.67,95.4 1 0
codecodriver/internal/store/embedding_provider.go:97.2,97.78 1 0
codecodriver/internal/store/embedding_provider.go:100.109,101.21 1 1
codecodriver/internal/store/embedding_provider.go:101.21,103.3 1 0
codecodriver/internal/store/embedding_provider.go:104.2,112.16 3 1
codecodriver/internal/store/embedding_provider.go:112.16,114.3 1 0
codecodriver/internal/store/embedding_provider.go:115.2,116.16 2 1
codecodriver/internal/store/embedding_provider.go:116.16,118.3 1 0
codecodriver/internal/store/embedding_provider.go:119.2,122.16 4 1
codecodriver/internal/store/embedding_provider.go:122.16,124.3 1 0
codecodriver/internal/store/embedding_provider.go:125.2,127.16 3 1
codecodriver/internal/store/embedding_provider.go:127.16,129.3 1 0
codecodriver/internal/store/embedding_provider.go:130.2,139.63 2 1
codecodriver/internal/store/embedding_provider.go:139.63,141.3 1 0
codecodriver/internal/store/embedding_provider.go:142.2,142.53 1 1
codecodriver/internal/store/embedding_provider.go:142.53,144.58 2 1
codecodriver/internal/store/embedding_provider.go:144.58,146.4 1 1
codecodriver/internal/store/embedding_provider.go:147.3,147.95 1 1
codecodriver/internal/store/embedding_provider.go:149.2,151.36 3 1
codecodriver/internal/store/embedding_provider.go:151.36,152.77 1 1
codecodriver/internal/store/embedding_provider.go:152.77,153.12 1 0
codecodriver/internal/store/embedding_provider.go:155.3,156.9 2 1
codecodriver/internal/store/embedding_provider.go:158.2,158.24 1 1
codecodriver/internal/store/embedding_provider.go:158.24,160.3 1 0
codecodriver/internal/store/embedding_provider.go:161.2,161.21 1 1
codecodriver/internal/store/embedding_provider.go:164.59,164.89 1 0
codecodriver/internal/store/embedding_provider.go:165.62,167.2 1 1
codecodriver/internal/store/embedding_provider.go:169.47,170.29 1 1
codecodriver/internal/store/embedding_provider.go:170.29,171.63 1 1
codecodriver/internal/store/embedding_provider.go:171.63,173.4 1 0
codecodriver/internal/store/embedding_provider.go:175.2,175.11 1 1
codecodriver/internal/store/embedding_provider.go:178.45,181.31 3 0
codecodriver/internal/store/embedding_provider.go:181.31,182.12 1 0
codecodriver/internal/store/embedding_provider.go:182.12,184.4 1 0
codecodriver/internal/store/embedding_provider.go:185.3,185.63 1 0
codecodriver/internal/store/embedding_provider.go:187.2,188.25 2 0
codecodriver/internal/store/memory.go:42.26,44.2 1 1
codecodriver/internal/store/memory.go:46.65,47.21 1 1
codecodriver/internal/store/memory.go:47.21,49.3 1 1
codecodriver/internal/store/memory.go:50.2,66.3 1 1
codecodriver/internal/store/memory.go:69.68,74.2 4 0
codecodriver/internal/store/memory.go:75.71,78.45 3 0
codecodriver/internal/store/memory.go:78.45,80.3 1 0
codecodriver/internal/store/memory.go:81.2,82.12 2 0
codecodriver/internal/store/memory.go:84.67,88.40 4 0
codecodriver/internal/store/memory.go:88.40,90.3 1 0
codecodriver/internal/store/memory.go:91.2,91.38 1 0
codecodriver/internal/store/memory.go:91.38,91.90 1 0
codecodriver/internal/store/memory.go:92.2,92.17 1 0
codecodriver/internal/store/memory.go:94.73,98.9 4 0
codecodriver/internal/store/memory.go:98.9,100.3 1 0
codecodriver/internal/store/memory.go:101.2,101.18 1 0
codecodriver/internal/store/memory.go:103.67,108.2 4 0
codecodriver/internal/store/memory.go:109.70,112.34 3 0
codecodriver/internal/store/memory.go:112.34,113.39 1 0
codecodriver/internal/store/memory.go:113.39,116.4 2 0
codecodriver/internal/store/memory.go:118.2,118.20 1 0
codecodriver/internal/store/memory.go:120.80,124.39 4 0
codecodriver/internal/store/memory.go:124.39,125.27 1 0
codecodriver/internal/store/memory.go:125.27,127.4 1 0
codecodriver/internal/store/memory.go:129.2,129.17 1 0
codecodriver/internal/store/memory.go:131.70,135.2 3 0
codecodriver/internal/store/memory.go:136.73,141.2 4 0
codecodriver/internal/store/memory.go:142.76,145.49 3 0
codecodriver/internal/store/memory.go:145.49,147.3 1 0
codecodriver/internal/store/memory.go:148.2,149.12 2 0
codecodriver/internal/store/memory.go:151.72,155.44 4 0
codecodriver/internal/store/memory.go:155.44,157.3 1 0
codecodriver/internal/store/memory.go:158.2,158.38 1 0
codecodriver/internal/store/memory.go:158.38,158.90 1 0
codecodriver/internal/store/memory.go:159.2,159.17 1 0
codecodriver/internal/store/memory.go:161.94,166.2 4 0
codecodriver/internal/store/memory.go:167.89,171.45 4 0
codecodriver/internal/store/memory.go:171.45,173.3 1 0
codecodriver/internal/store/memory.go:174.2,174.38 1 0
codecodriver/internal/store/memory.go:174.38,174.90 1 0
codecodriver/internal/store/memory.go:175.2,175.17 1 0
codecodriver/internal/store/memory.go:178.32,178.46 1 0
codecodriver/internal/store/memory.go:180.52,185.2 4 0
codecodriver/internal/store/memory.go:187.59,192.2 4 0
codecodriver/internal/store/memory.go:194.67,198.9 4 0
codecodriver/internal/store/memory.go:198.9,200.3 1 0
codecodriver/internal/store/memory.go:201.2,201.15 1 0
codecodriver/internal/store/memory.go:204.62,208.35 4 0
codecodriver/internal/store/memory.go:208.35,210.3 1 0
codecodriver/internal/store/memory.go:211.2,211.38 1 0
codecodriver/internal/store/memory.go:211.38,211.90 1 0
codecodriver/internal/store/memory.go:212.2,212.17 1 0
codecodriver/internal/store/memory.go:215.110,220.2 4 0
codecodriver/internal/store/memory.go:222.68,226.2 3 0
codecodriver/internal/store/memory.go:228.62,232.2 3 0
codecodriver/internal/store/memory.go:234.47,239.2 4 0
codecodriver/internal/store/memory.go:240.55,244.9 4 0
codecodriver/internal/store/memory.go:244.9,246.3 1 0
codecodriver/internal/store/memory.go:247.2,247.15 1 0
codecodriver/internal/store/memory.go:249.49,253.28 4 0
codecodriver/internal/store/memory.go:253.28,255.3 1 0
codecodriver/internal/store/memory.go:256.2,256.38 1 0
codecodriver/internal/store/memory.go:256.38,256.90 1 0
codecodriver/internal/store/memory.go:257.2,257.17 1 0
codecodriver/internal/store/memory.go:259.88,266.2 6 0
codecodriver/internal/store/memory.go:267.114,270.33 3 0
codecodriver/internal/store/memory.go:270.33,271.51 1 0
codecodriver/internal/store/memory.go:271.51,276.4 4 0
codecodriver/internal/store/memory.go:278.2,278.20 1 0
codecodriver/internal/store/memory.go:280.49,285.2 4 0
codecodriver/internal/store/memory.go:286.82,290.20 4 0
codecodriver/internal/store/memory.go:290.20,291.24 1 0
codecodriver/internal/store/memory.go:291.24,293.4 1 0
codecodriver/internal/store/memory.go:295.2,296.12 2 0
codecodriver/internal/store/memory.go:298.104,303.20 5 0
codecodriver/internal/store/memory.go:303.20,304.55 1 0
codecodriver/internal/store/memory.go:304.55,307.4 2 0
codecodriver/internal/store/memory.go:309.2,310.12 2 0
codecodriver/internal/store/memory.go:310.12,312.3 1 0
codecodriver/internal/store/memory.go:313.2,313.12 1 0
codecodriver/internal/store/memory.go:315.60,319.2 3 0
codecodriver/internal/store/memory.go:320.51,325.2 4 0
codecodriver/internal/store/memory.go:326.62,330.2 3 0
codecodriver/internal/store/memory.go:331.58,336.2 4 0
codecodriver/internal/store/memory.go:337.70,341.2 3 0
codecodriver/internal/store/memory.go:342.59,347.2 4 0
codecodriver/internal/store/memory.go:348.70,352.2 3 0
codecodriver/internal/store/memory.go:353.55,358.2 4 0
codecodriver/internal/store/memory.go:359.66,363.2 3 0
codecodriver/internal/store/memory.go:364.56,367.27 3 1
codecodriver/internal/store/memory.go:367.27,369.17 2 1
codecodriver/internal/store/memory.go:369.17,372.4 2 0
codecodriver/internal/store/memory.go:372.9,372.30 1 1
codecodriver/internal/store/memory.go:372.30,374.4 1 1
codecodriver/internal/store/memory.go:374.9,376.4 1 0
codecodriver/internal/store/memory.go:378.2,379.12 2 1
codecodriver/internal/store/memory.go:382.67,385.35 3 0
codecodriver/internal/store/memory.go:385.35,386.21 1 0
codecodriver/internal/store/memory.go:386.21,388.4 1 0
codecodriver/internal/store/memory.go:390.2,390.42 1 0
codecodriver/internal/store/memory.go:393.63,396.28 3 0
codecodriver/internal/store/memory.go:396.28,397.35 1 0
codecodriver/internal/store/memory.go:397.35,400.4 2 0
codecodriver/internal/store/memory.go:402.2,402.20 1 0
codecodriver/internal/store/memory.go:405.77,406.16 1 0
codecodriver/internal/store/memory.go:406.16,408.3 1 0
codecodriver/internal/store/memory.go:409.2,412.35 4 0
codecodriver/internal/store/memory.go:412.35,413.87 1 0
codecodriver/internal/store/memory.go:413.87,414.12 1 0
codecodriver/internal/store/memory.go:416.3,416.75 1 0
codecodriver/internal/store/memory.go:416.75,417.12 1 0
codecodriver/internal/store/memory.go:419.3,420.24 2 0
codecodriver/internal/store/memory.go:420.24,421.9 1 0
codecodriver/internal/store/memory.go:424.2,424.17 1 0
codecodriver/internal/store/memory.go:427.83,429.2 1 0
codecodriver/internal/store/memory.go:431.99,436.36 5 1
codecodriver/internal/store/memory.go:436.36,438.17 2 1
codecodriver/internal/store/memory.go:438.17,440.4 1 0
codecodriver/internal/store/memory.go:440.9,440.30 1 1
codecodriver/internal/store/memory.go:440.30,442.4 1 1
codecodriver/internal/store/memory.go:444.2,444.31 1 1
codecodriver/internal/store/memory.go:444.31,445.31 1 1
codecodriver/internal/store/memory.go:445.31,446.12 1 0
codecodriver/internal/store/memory.go:448.3,448.14 1 1
codecodriver/internal/store/memory.go:448.14,451.12 3 0
codecodriver/internal/store/memory.go:453.3,454.18 2 1
codecodriver/internal/store/memory.go:454.18,456.4 1 1
codecodriver/internal/store/memory.go:458.2,458.44 1 1
codecodriver/internal/store/memory.go:458.44,458.82 1 0
codecodriver/internal/store/memory.go:459.2,459.35 1 1
codecodriver/internal/store/memory.go:459.35,461.3 1 0
codecodriver/internal/store/memory.go:462.2,462.21 1 1
codecodriver/internal/store/memory.go:462.21,463.29 1 1
codecodriver/internal/store/memory.go:463.29,464.37 1 1
codecodriver/internal/store/memory.go:464.37,469.5 4 1
codecodriver/internal/store/memory.go:471.3,471.42 1 1
codecodriver/internal/store/memory.go:471.42,473.4 1 0
codecodriver/internal/store/memory.go:475.2,475.17 1 1
codecodriver/internal/store/memory.go:478.57,482.28 4 0
codecodriver/internal/store/memory.go:482.28,483.26 1 0
codecodriver/internal/store/memory.go:483.26,484.30 1 0
codecodriver/internal/store/memory.go:484.30,487.5 2 0
codecodriver/internal/store/memory.go:490.2,490.12 1 0
codecodriver/internal/store/memory.go:493.62,496.50 3 0
codecodriver/internal/store/memory.go:496.50,497.83 1 0
codecodriver/internal/store/memory.go:497.83,499.4 1 0
codecodriver/internal/store/memory.go:501.2,502.12 2 0
codecodriver/internal/store/memory.go:505.76,509.2 3 0
codecodriver/internal/store/memory.go:511.49,512.17 1 1
codecodriver/internal/store/memory.go:512.17,514.3 1 0
codecodriver/internal/store/memory.go:515.2,518.29 4 1
codecodriver/internal/store/memory.go:518.29,519.71 1 1
codecodriver/internal/store/memory.go:519.71,521.4 1 1
codecodriver/internal/store/memory.go:523.2,523.25 1 1
codecodriver/internal/store/postgres.go:31.79,33.2 1 0
codecodriver/internal/store/postgres.go:35.120,36.21 1 0
codecodriver/internal/store/postgres.go:36.21,38.3 1 0
codecodriver/internal/store/postgres.go:39.2,40.16 2 0
codecodriver/internal/store/postgres.go:40.16,42.3 1 0
codecodriver/internal/store/postgres.go:43.2,43.39 1 0
codecodriver/internal/store/postgres.go:43.39,46.3 2 0
codecodriver/internal/store/postgres.go:47.2,48.187 2 0
codecodriver/internal/store/postgres.go:48.187,50.17 2 0
codecodriver/internal/store/postgres.go:50.17,53.4 2 0
codecodriver/internal/store/postgres.go:54.3,54.56 1 0
codecodriver/internal/store/postgres.go:54.56,57.4 2 0
codecodriver/internal/store/postgres.go:59.2,59.15 1 0
codecodriver/internal/store/postgres.go:62.34,62.64 2 0
codecodriver/internal/store/postgres.go:63.54,65.43 2 0
codecodriver/internal/store/postgres.go:65.43,67.3 1 0
codecodriver/internal/store/postgres.go:68.2,68.53 1 0
codecodriver/internal/store/postgres.go:71.61,74.2 2 0
codecodriver/internal/store/postgres.go:75.69,79.35 4 0
codecodriver/internal/store/postgres.go:79.35,81.3 1 0
codecodriver/internal/store/postgres.go:82.2,82.20 1 0
codecodriver/internal/store/postgres.go:82.20,84.3 1 0
codecodriver/internal/store/postgres.go:85.2,85.15 1 0
codecodriver/internal/store/postgres.go:87.64,89.16 2 0
codecodriver/internal/store/postgres.go:89.16,91.3 1 0
codecodriver/internal/store/postgres.go:92.2,94.18 3 0
codecodriver/internal/store/postgres.go:94.18,97.134 3 0
codecodriver/internal/store/postgres.go:97.134,99.4 1 0
codecodriver/internal/store/postgres.go:100.3,100.21 1 0
codecodriver/internal/store/postgres.go:100.21,102.4 1 0
codecodriver/internal/store/postgres.go:103.3,103.23 1 0
codecodriver/internal/store/postgres.go:105.2,105.24 1 0
codecodriver/internal/store/postgres.go:108.112,111.16 3 0
codecodriver/internal/store/postgres.go:111.16,113.3 1 0
codecodriver/internal/store/postgres.go:114.2,115.177 2 0
codecodriver/internal/store/postgres.go:115.177,117.3 1 0
codecodriver/internal/store/postgres.go:118.2,118.100 1 0
codecodriver/internal/store/postgres.go:118.100,120.3 1 0
codecodriver/internal/store/postgres.go:121.2,121.91 1 0
codecodriver/internal/store/postgres.go:121.91,123.3 1 0
codecodriver/internal/store/postgres.go:124.2,124.26 1 0
codecodriver/internal/store/postgres.go:124.26,125.208 1 0
codecodriver/internal/store/postgres.go:125.208,127.4 1 0
codecodriver/internal/store/postgres.go:129.2,129.28 1 0
codecodriver/internal/store/postgres.go:129.28,130.178 1 0
codecodriver/internal/store/postgres.go:130.178,132.4 1 0
codecodriver/internal/store/postgres.go:134.2,134.23 1 0
codecodriver/internal/store/postgres.go:136.70,138.16 2 0
codecodriver/internal/store/postgres.go:138.16,140.3 1 0
codecodriver/internal/store/postgres.go:141.2,143.18 3 0
codecodriver/internal/store/postgres.go:143.18,145.104 2 0
codecodriver/internal/store/postgres.go:145.104,147.4 1 0
codecodriver/internal/store/postgres.go:148.3,148.23 1 0
codecodriver/internal/store/postgres.go:150.2,150.24 1 0
codecodriver/internal/store/postgres.go:152.64,154.16 2 0
codecodriver/internal/store/postgres.go:154.16,156.3 1 0
codecodriver/internal/store/postgres.go:157.2,159.18 3 0
codecodriver/internal/store/postgres.go:159.18,161.92 2 0
codecodriver/internal/store/postgres.go:161.92,163.4 1 0
codecodriver/internal/store/postgres.go:164.3,164.23 1 0
codecodriver/internal/store/postgres.go:166.2,166.24 1 0
codecodriver/internal/store/postgres.go:169.49,172.2 2 0
codecodriver/internal/store/postgres.go:173.57,176.35 3 0
codecodriver/internal/store/postgres.go:176.35,178.3 1 0
codecodriver/internal/store/postgres.go:179.2,179.15 1 0
codecodriver/internal/store/postgres.go:181.51,183.16 2 0
codecodriver/internal/store/postgres.go:183.16,185.3 1 0
codecodriver/internal/store/postgres.go:186.2,188.18 3 0
codecodriver/internal/store/postgres.go:188.18,190.134 2 0
codecodriver/internal/store/postgres.go:190.134,192.4 1 0
codecodriver/internal/store/postgres.go:193.3,193.23 1 0
codecodriver/internal/store/postgres.go:195.2,195.24 1 0
codecodriver/internal/store/postgres.go:197.92,199.46 2 0
codecodriver/internal/store/postgres.go:199.46,201.3 1 0
codecodriver/internal/store/postgres.go:202.2,202.12 1 0
codecodriver/internal/store/postgres.go:204.118,206.16 2 0
codecodriver/internal/store/postgres.go:206.16,208.3 1 0
codecodriver/internal/store/postgres.go:209.2,209.32 1 0
codecodriver/internal/store/postgres.go:209.32,211.3 1 0
codecodriver/internal/store/postgres.go:212.2,212.12 1 0
codecodriver/internal/store/postgres.go:215.51,218.2 2 0
codecodriver/internal/store/postgres.go:219.84,222.2 2 0
codecodriver/internal/store/postgres.go:223.106,225.16 2 0
codecodriver/internal/store/postgres.go:225.16,227.3 1 0
codecodriver/internal/store/postgres.go:228.2,228.32 1 0
codecodriver/internal/store/postgres.go:228.32,230.3 1 0
codecodriver/internal/store/postgres.go:231.2,231.12 1 0
codecodriver/internal/store/postgres.go:233.66,235.16 2 0
codecodriver/internal/store/postgres.go:235.16,237.3 1 0
codecodriver/internal/store/postgres.go:238.2,240.18 3 0
codecodriver/internal/store/postgres.go:240.18,243.103 3 0
codecodriver/internal/store/postgres.go:243.103,245.4 1 0
codecodriver/internal/store/postgres.go:246.3,246.19 1 0
codecodriver/internal/store/postgres.go:246.19,248.4 1 0
codecodriver/internal/store/postgres.go:249.3,249.23 1 0
codecodriver/internal/store/postgres.go:251.2,251.24 1 0
codecodriver/internal/store/postgres.go:254.53,256.16 2 0
codecodriver/internal/store/postgres.go:256.16,258.3 1 0
codecodriver/internal/store/postgres.go:259.2,260.16 2 0
codecodriver/internal/store/postgres.go:260.16,262.3 1 0
codecodriver/internal/store/postgres.go:263.2,264.12 2 0
codecodriver/internal/store/postgres.go:266.68,268.16 2 0
codecodriver/internal/store/postgres.go:268.16,270.3 1 0
codecodriver/internal/store/postgres.go:271.2,273.18 3 0
codecodriver/internal/store/postgres.go:273.18,277.164 4 0
codecodriver/internal/store/postgres.go:277.164,279.4 1 0
codecodriver/internal/store/postgres.go:280.3,280.21 1 0
codecodriver/internal/store/postgres.go:280.21,281.58 1 0
codecodriver/internal/store/postgres.go:281.58,283.5 1 0
codecodriver/internal/store/postgres.go:285.3,285.22 1 0
codecodriver/internal/store/postgres.go:285.22,286.60 1 0
codecodriver/internal/store/postgres.go:286.60,288.5 1 0
codecodriver/internal/store/postgres.go:290.3,290.19 1 0
codecodriver/internal/store/postgres.go:290.19,292.4 1 0
codecodriver/internal/store/postgres.go:293.3,293.23 1 0
codecodriver/internal/store/postgres.go:295.2,295.24 1 0
codecodriver/internal/store/postgres.go:298.60,300.16 2 0
codecodriver/internal/store/postgres.go:300.16,302.3 1 0
codecodriver/internal/store/postgres.go:303.2,304.16 2 0
codecodriver/internal/store/postgres.go:304.16,306.3 1 0
codecodriver/internal/store/postgres.go:307.2,308.12 2 0
codecodriver/internal/store/postgres.go:310.72,312.16 2 0
codecodriver/internal/store/postgres.go:312.16,314.3 1 0
codecodriver/internal/store/postgres.go:315.2,317.18 3 0
codecodriver/internal/store/postgres.go:317.18,321.212 4 0
codecodriver/internal/store/postgres.go:321.212,323.4 1 0
codecodriver/internal/store/postgres.go:324.3,324.19 1 0
codecodriver/internal/store/postgres.go:324.19,326.4 1 0
codecodriver/internal/store/postgres.go:327.3,327.23 1 0
codecodriver/internal/store/postgres.go:327.23,328.72 1 0
codecodriver/internal/store/postgres.go:328.72,330.5 1 0
codecodriver/internal/store/postgres.go:332.3,332.24 1 0
codecodriver/internal/store/postgres.go:332.24,333.74 1 0
codecodriver/internal/store/postgres.go:333.74,335.5 1 0
codecodriver/internal/store/postgres.go:337.3,337.26 1 0
codecodriver/internal/store/postgres.go:339.2,339.24 1 0
codecodriver/internal/store/postgres.go:342.61,345.2 2 0
codecodriver/internal/store/postgres.go:346.72,348.16 2 0
codecodriver/internal/store/postgres.go:348.16,350.3 1 0
codecodriver/internal/store/postgres.go:351.2,353.18 3 0
codecodriver/internal/store/postgres.go:353.18,355.249 2 0
codecodriver/internal/store/postgres.go:355.249,357.4 1 0
codecodriver/internal/store/postgres.go:358.3,358.27 1 0
codecodriver/internal/store/postgres.go:360.2,360.24 1 0
codecodriver/internal/store/postgres.go:363.57,366.2 2 0
codecodriver/internal/store/postgres.go:367.72,369.16 2 0
codecodriver/internal/store/postgres.go:369.16,371.3 1 0
codecodriver/internal/store/postgres.go:372.2,374.18 3 0
codecodriver/internal/store/postgres.go:374.18,376.107 2 0
codecodriver/internal/store/postgres.go:376.107,378.4 1 0
codecodriver/internal/store/postgres.go:379.3,379.23 1 0
codecodriver/internal/store/postgres.go:381.2,381.24 1 0
codecodriver/internal/store/postgres.go:383.58,385.16 2 0
codecodriver/internal/store/postgres.go:385.16,387.3 1 0
codecodriver/internal/store/postgres.go:388.2,388.27 1 0
codecodriver/internal/store/postgres.go:388.27,390.17 2 0
codecodriver/internal/store/postgres.go:390.17,393.4 2 0
codecodriver/internal/store/postgres.go:393.9,393.30 1 0
codecodriver/internal/store/postgres.go:393.30,395.4 1 0
codecodriver/internal/store/postgres.go:395.9,397.4 1 0
codecodriver/internal/store/postgres.go:399.2,400.16 2 0
codecodriver/internal/store/postgres.go:400.16,402.3 1 0
codecodriver/internal/store/postgres.go:403.2,403.27 1 0
codecodriver/internal/store/postgres.go:403.27,405.3 1 0
codecodriver/internal/store/postgres.go:406.2,406.22 1 0
codecodriver/internal/store/postgres.go:406.22,408.3 1 0
codecodriver/internal/store/postgres.go:409.2,410.51 2 0
codecodriver/internal/store/postgres.go:410.51,412.3 1 0
codecodriver/internal/store/postgres.go:413.2,414.24 2 0
codecodriver/internal/store/postgres.go:414.24,416.3 1 0
codecodriver/internal/store/postgres.go:417.2,418.12 2 0
codecodriver/internal/store/postgres.go:421.69,424.35 3 0
codecodriver/internal/store/postgres.go:424.35,426.3 1 0
codecodriver/internal/store/postgres.go:427.2,427.15 1 0
codecodriver/internal/store/postgres.go:430.61,432.16 2 0
codecodriver/internal/store/postgres.go:432.16,434.3 1 0
codecodriver/internal/store/postgres.go:435.2,435.27 1 0
codecodriver/internal/store/postgres.go:435.27,437.3 1 0
codecodriver/internal/store/postgres.go:438.2,438.22 1 0
codecodriver/internal/store/postgres.go:438.22,440.3 1 0
codecodriver/internal/store/postgres.go:441.2,442.24 2 0
codecodriver/internal/store/postgres.go:442.24,444.3 1 0
codecodriver/internal/store/postgres.go:445.2,446.16 2 0
codecodriver/internal/store/postgres.go:446.16,448.3 1 0
codecodriver/internal/store/postgres.go:449.2,449.32 1 0
codecodriver/internal/store/postgres.go:449.32,451.3 1 0
codecodriver/internal/store/postgres.go:452.2,452.12 1 0
codecodriver/internal/store/postgres.go:455.79,456.16 1 0
codecodriver/internal/store/postgres.go:456.16,458.3 1 0
codecodriver/internal/store/postgres.go:459.2,460.16 2 0
codecodriver/internal/store/postgres.go:460.16,462.3 1 0
codecodriver/internal/store/postgres.go:463.2,465.18 3 0
codecodriver/internal/store/postgres.go:465.18,467.17 2 0
codecodriver/internal/store/postgres.go:467.17,469.4 1 0
codecodriver/internal/store/postgres.go:470.3,470.23 1 0
codecodriver/internal/store/postgres.go:472.2,472.24 1 0
codecodriver/internal/store/postgres.go:475.85,477.2 1 0
codecodriver/internal/store/postgres.go:479.101,480.16 1 0
codecodriver/internal/store/postgres.go:480.16,482.3 1 0
codecodriver/internal/store/postgres.go:483.2,485.36 3 0
codecodriver/internal/store/postgres.go:485.36,487.17 2 0
codecodriver/internal/store/postgres.go:487.17,489.4 1 0
codecodriver/internal/store/postgres.go:489.9,489.30 1 0
codecodriver/internal/store/postgres.go:489.30,491.4 1 0
codecodriver/internal/store/postgres.go:493.2,493.65 1 0
codecodriver/internal/store/postgres.go:493.65,495.17 2 0
codecodriver/internal/store/postgres.go:495.17,496.20 1 0
codecodriver/internal/store/postgres.go:496.20,498.5 1 0
codecodriver/internal/store/postgres.go:499.9,501.4 1 0
codecodriver/internal/store/postgres.go:503.2,504.16 2 0
codecodriver/internal/store/postgres.go:504.16,506.3 1 0
codecodriver/internal/store/postgres.go:507.2,507.43 1 0
codecodriver/internal/store/postgres.go:516.66,520.391 4 0
codecodriver/internal/store/postgres.go:520.391,522.3 1 0
codecodriver/internal/store/postgres.go:523.2,523.23 1 0
codecodriver/internal/store/postgres.go:523.23,524.63 1 0
codecodriver/internal/store/postgres.go:524.63,526.4 1 0
codecodriver/internal/store/postgres.go:528.2,528.24 1 0
codecodriver/internal/store/postgres.go:528.24,529.65 1 0
codecodriver/internal/store/postgres.go:529.65,531.4 1 0
codecodriver/internal/store/postgres.go:533.2,533.25 1 0
codecodriver/internal/store/postgres.go:533.25,535.3 1 0
codecodriver/internal/store/postgres.go:536.2,537.15 2 0
codecodriver/internal/store/postgres.go:540.126,542.16 2 0
codecodriver/internal/store/postgres.go:542.16,544.3 1 0
codecodriver/internal/store/postgres.go:545.2,547.18 3 0
codecodriver/internal/store/postgres.go:547.18,549.17 2 0
codecodriver/internal/store/postgres.go:549.17,551.4 1 0
codecodriver/internal/store/postgres.go:552.3,552.18 1 0
codecodriver/internal/store/postgres.go:552.18,554.20 2 0
codecodriver/internal/store/postgres.go:554.20,555.13 1 0
codecodriver/internal/store/postgres.go:558.3,558.23 1 0
codecodriver/internal/store/postgres.go:560.2,560.35 1 0
codecodriver/internal/store/postgres.go:560.35,562.3 1 0
codecodriver/internal/store/postgres.go:563.2,563.17 1 0
codecodriver/internal/store/postgres.go:566.128,571.16 5 0
codecodriver/internal/store/postgres.go:571.16,573.3 1 0
codecodriver/internal/store/postgres.go:574.2,574.18 1 0
codecodriver/internal/store/postgres.go:574.18,576.17 2 0
codecodriver/internal/store/postgres.go:576.17,579.4 2 0
codecodriver/internal/store/postgres.go:580.3,581.18 2 0
codecodriver/internal/store/postgres.go:581.18,583.4 1 0
codecodriver/internal/store/postgres.go:585.2,585.35 1 0
codecodriver/internal/store/postgres.go:585.35,588.3 2 0
codecodriver/internal/store/postgres.go:589.2,592.16 4 0
codecodriver/internal/store/postgres.go:592.16,594.3 1 0
codecodriver/internal/store/postgres.go:595.2,595.18 1 0
codecodriver/internal/store/postgres.go:595.18,597.17 2 0
codecodriver/internal/store/postgres.go:597.17,600.4 2 0
codecodriver/internal/store/postgres.go:601.3,602.19 2 0
codecodriver/internal/store/postgres.go:602.19,603.12 1 0
codecodriver/internal/store/postgres.go:605.3,605.72 1 0
codecodriver/internal/store/postgres.go:605.72,607.4 1 0
codecodriver/internal/store/postgres.go:609.2,609.35 1 0
codecodriver/internal/store/postgres.go:609.35,612.3 2 0
codecodriver/internal/store/postgres.go:613.2,615.34 3 0
codecodriver/internal/store/postgres.go:615.34,617.3 1 0
codecodriver/internal/store/postgres.go:618.2,618.17 1 0
codecodriver/internal/store/postgres.go:621.108,622.44 1 0
codecodriver/internal/store/postgres.go:622.44,622.82 1 0
codecodriver/internal/store/postgres.go:623.2,623.22 1 0
codecodriver/internal/store/postgres.go:623.22,625.3 1 0
codecodriver/internal/store/postgres.go:626.2,627.27 2 0
codecodriver/internal/store/postgres.go:627.27,629.3 1 0
codecodriver/internal/store/postgres.go:630.2,630.50 1 0
codecodriver/internal/store/postgres.go:630.50,632.3 1 0
codecodriver/internal/store/postgres.go:633.2,633.21 1 0
codecodriver/internal/store/postgres.go:633.21,635.17 2 0
codecodriver/internal/store/postgres.go:635.17,637.4 1 0
codecodriver/internal/store/postgres.go:638.3,638.23 1 0
codecodriver/internal/store/postgres.go:640.2,640.17 1 0
codecodriver/internal/store/postgres.go:643.45,646.29 3 0
codecodriver/internal/store/postgres.go:646.29,647.21 1 0
codecodriver/internal/store/postgres.go:647.21,649.4 1 0
codecodriver/internal/store/postgres.go:651.2,651.17 1 0
codecodriver/internal/store/postgres.go:654.59,655.19 1 0
codecodriver/internal/store/postgres.go:655.19,657.3 1 0
codecodriver/internal/store/postgres.go:658.2,659.12 2 0
codecodriver/internal/store/postgres.go:662.64,665.2 2 0
codecodriver/internal/store/postgres.go:667.78,669.16 2 0
codecodriver/internal/store/postgres.go:669.16,671.3 1 0
codecodriver/internal/store/postgres.go:672.2,674.18 3 0
codecodriver/internal/store/postgres.go:674.18,676.145 2 0
codecodriver/internal/store/postgres.go:676.145,678.4 1 0
codecodriver/internal/store/postgres.go:679.3,679.26 1 0
codecodriver/internal/store/postgres.go:681.2,681.24 1 0
codecodriver/internal/store/postgres.go:684.70,686.16 2 0
codecodriver/internal/store/postgres.go:686.16,688.3 1 0
codecodriver/internal/store/postgres.go:689.2,690.12 2 0
codecodriver/internal/store/postgres.go:692.73,694.16 2 0
codecodriver/internal/store/postgres.go:694.16,696.3 1 0
codecodriver/internal/store/postgres.go:697.2,698.16 2 0
codecodriver/internal/store/postgres.go:698.16,700.3 1 0
codecodriver/internal/store/postgres.go:701.2,701.32 1 0
codecodriver/internal/store/postgres.go:701.32,703.3 1 0
codecodriver/internal/store/postgres.go:704.2,704.12 1 0
codecodriver/internal/store/postgres.go:706.69,708.16 2 0
codecodriver/internal/store/postgres.go:708.16,710.3 1 0
codecodriver/internal/store/postgres.go:711.2,713.18 3 0
codecodriver/internal/store/postgres.go:713.18,716.137 3 0
codecodriver/internal/store/postgres.go:716.137,718.4 1 0
codecodriver/internal/store/postgres.go:719.3,719.24 1 0
codecodriver/internal/store/postgres.go:719.24,720.67 1 0
codecodriver/internal/store/postgres.go:720.67,722.5 1 0
codecodriver/internal/store/postgres.go:724.3,724.26 1 0
codecodriver/internal/store/postgres.go:726.2,726.24 1 0
codecodriver/internal/store/postgres.go:728.75,732.35 4 0
codecodriver/internal/store/postgres.go:732.35,734.3 1 0
codecodriver/internal/store/postgres.go:735.2,735.16 1 0
codecodriver/internal/store/postgres.go:735.16,737.3 1 0
codecodriver/internal/store/postgres.go:738.2,738.23 1 0
codecodriver/internal/store/postgres.go:738.23,739.66 1 0
codecodriver/internal/store/postgres.go:739.66,741.4 1 0
codecodriver/internal/store/postgres.go:743.2,743.18 1 0
codecodriver/internal/store/postgres.go:745.69,748.2 2 0
codecodriver/internal/store/postgres.go:749.72,751.16 2 0
codecodriver/internal/store/postgres.go:751.16,753.3 1 0
codecodriver/internal/store/postgres.go:754.2,754.32 1 0
codecodriver/internal/store/postgres.go:754.32,756.3 1 0
codecodriver/internal/store/postgres.go:757.2,757.12 1 0
codecodriver/internal/store/postgres.go:759.82,761.16 2 0
codecodriver/internal/store/postgres.go:761.16,763.3 1 0
codecodriver/internal/store/postgres.go:764.2,766.18 3 0
codecodriver/internal/store/postgres.go:766.18,769.190 3 0
codecodriver/internal/store/postgres.go:769.190,771.4 1 0
codecodriver/internal/store/postgres.go:772.3,772.19 1 0
codecodriver/internal/store/postgres.go:772.19,774.4 1 0
codecodriver/internal/store/postgres.go:775.3,775.25 1 0
codecodriver/internal/store/postgres.go:777.2,777.24 1 0
codecodriver/internal/store/postgres.go:779.72,781.16 2 0
codecodriver/internal/store/postgres.go:781.16,783.3 1 0
codecodriver/internal/store/postgres.go:784.2,786.18 3 0
codecodriver/internal/store/postgres.go:786.18,789.190 3 0
codecodriver/internal/store/postgres.go:789.190,791.4 1 0
codecodriver/internal/store/postgres.go:792.3,792.19 1 0
codecodriver/internal/store/postgres.go:792.19,794.4 1 0
codecodriver/internal/store/postgres.go:795.3,795.25 1 0
codecodriver/internal/store/postgres.go:797.2,797.24 1 0
codecodriver/internal/store/postgres.go:799.75,802.2 2 0
codecodriver/internal/store/postgres.go:803.78,805.16 2 0
codecodriver/internal/store/postgres.go:805.16,807.3 1 0
codecodriver/internal/store/postgres.go:808.2,808.32 1 0
codecodriver/internal/store/postgres.go:808.32,810.3 1 0
codecodriver/internal/store/postgres.go:811.2,811.12 1 0
codecodriver/internal/store/postgres.go:813.74,815.16 2 0
codecodriver/internal/store/postgres.go:815.16,817.3 1 0
codecodriver/internal/store/postgres.go:818.2,820.18 3 0
codecodriver/internal/store/postgres.go:820.18,823.178 3 0
codecodriver/internal/store/postgres.go:823.178,825.4 1 0
codecodriver/internal/store/postgres.go:826.3,826.19 1 0
codecodriver/internal/store/postgres.go:826.19,828.4 1 0
codecodriver/internal/store/postgres.go:829.3,829.27 1 0
codecodriver/internal/store/postgres.go:831.2,831.24 1 0
codecodriver/internal/store/postgres.go:833.96,836.2 2 0
codecodriver/internal/store/postgres.go:837.91,839.16 2 0
codecodriver/internal/store/postgres.go:839.16,841.3 1 0
codecodriver/internal/store/postgres.go:842.2,844.18 3 0
codecodriver/internal/store/postgres.go:844.18,846.185 2 0
codecodriver/internal/store/postgres.go:846.185,848.4 1 0
codecodriver/internal/store/postgres.go:849.3,849.30 1 0
codecodriver/internal/store/postgres.go:851.2,851.24 1 0
codecodriver/internal/store/postgres.go:853.36,854.20 1 0
codecodriver/internal/store/postgres.go:854.20,856.3 1 0
codecodriver/internal/store/postgres.go:857.2,857.14 1 0
codecodriver/internal/lease/redis.go:21.71,23.47 2 0
codecodriver/internal/lease/redis.go:23.47,26.3 2 0
codecodriver/internal/lease/redis.go:27.2,27.101 1 0
codecodriver/internal/lease/redis.go:30.37,32.2 1 0
codecodriver/internal/lease/redis.go:34.108,35.14 1 0
codecodriver/internal/lease/redis.go:35.14,37.3 1 0
codecodriver/internal/lease/redis.go:38.2,39.16 2 0
codecodriver/internal/lease/redis.go:39.16,41.3 1 0
codecodriver/internal/lease/redis.go:42.2,44.16 3 0
codecodriver/internal/lease/redis.go:44.16,46.3 1 0
codecodriver/internal/lease/redis.go:47.2,47.9 1 0
codecodriver/internal/lease/redis.go:47.9,49.3 1 0
codecodriver/internal/lease/redis.go:50.2,50.77 1 0
codecodriver/internal/lease/redis.go:53.84,54.14 1 0
codecodriver/internal/lease/redis.go:54.14,56.3 1 0
codecodriver/internal/lease/redis.go:57.2,65.16 4 0
codecodriver/internal/lease/redis.go:65.16,67.3 1 0
codecodriver/internal/lease/redis.go:68.2,68.17 1 0
codecodriver/internal/lease/redis.go:68.17,70.3 1 0
codecodriver/internal/lease/redis.go:71.2,71.12 1 0
codecodriver/internal/lease/redis.go:74.67,84.2 4 0
codecodriver/internal/lease/redis.go:86.54,88.2 1 0
codecodriver/internal/lease/redis.go:90.56,92.2 1 0
codecodriver/internal/lease/redis.go:94.37,95.39 1 0
codecodriver/internal/lease/redis.go:95.39,96.22 1 0
codecodriver/internal/lease/redis.go:96.22,99.4 2 0
codecodriver/internal/lease/redis.go:101.2,101.10 1 0
codecodriver/internal/retrieval/context.go:47.34,48.26 1 1
codecodriver/internal/retrieval/context.go:48.26,50.3 1 1
codecodriver/internal/retrieval/context.go:51.2,51.30 1 1
codecodriver/internal/retrieval/context.go:51.30,53.3 1 1
codecodriver/internal/retrieval/context.go:54.2,54.31 1 1
codecodriver/internal/retrieval/context.go:54.31,56.3 1 1
codecodriver/internal/retrieval/context.go:57.2,57.33 1 1
codecodriver/internal/retrieval/context.go:60.92,62.29 2 1
codecodriver/internal/retrieval/context.go:62.29,63.91 1 1
codecodriver/internal/retrieval/context.go:63.91,64.9 1 0
codecodriver/internal/retrieval/context.go:66.3,66.57 1 1
codecodriver/internal/retrieval/context.go:66.57,68.12 2 1
codecodriver/internal/retrieval/context.go:70.3,73.17 4 1
codecodriver/internal/retrieval/context.go:73.17,75.12 2 0
codecodriver/internal/retrieval/context.go:77.3,79.34 3 1
codecodriver/internal/retrieval/context.go:81.2,81.13 1 1
codecodriver/internal/retrieval/context.go:84.38,86.40 2 0
codecodriver/internal/retrieval/context.go:86.40,89.24 3 0
codecodriver/internal/retrieval/context.go:89.24,91.4 1 0
codecodriver/internal/retrieval/context.go:92.3,92.26 1 0
codecodriver/internal/retrieval/context.go:94.2,94.27 1 0
codecodriver/internal/retrieval/context.go:94.27,96.40 2 0
codecodriver/internal/retrieval/context.go:96.40,98.4 1 0
codecodriver/internal/retrieval/context.go:100.2,100.40 1 0
codecodriver/internal/retrieval/context.go:103.81,104.16 1 1
codecodriver/internal/retrieval/context.go:104.16,106.3 1 0
codecodriver/internal/retrieval/context.go:107.2,108.16 2 1
codecodriver/internal/retrieval/context.go:108.16,110.3 1 0
codecodriver/internal/retrieval/context.go:111.2,112.16 2 1
codecodriver/internal/retrieval/context.go:112.16,114.3 1 0
codecodriver/internal/retrieval/context.go:115.2,117.16 3 1
codecodriver/internal/retrieval/context.go:117.16,119.3 1 1
codecodriver/internal/retrieval/context.go:120.2,121.113 2 1
codecodriver/internal/retrieval/context.go:121.113,123.3 1 0
codecodriver/internal/retrieval/context.go:124.2,125.16 2 1
codecodriver/internal/retrieval/context.go:125.16,127.3 1 0
codecodriver/internal/retrieval/context.go:128.2,128.30 1 1
codecodriver/internal/retrieval/context.go:128.30,130.3 1 0
codecodriver/internal/retrieval/context.go:131.2,132.16 2 1
codecodriver/internal/retrieval/context.go:132.16,134.3 1 0
codecodriver/internal/retrieval/context.go:135.2,137.16 3 1
codecodriver/internal/retrieval/context.go:137.16,139.3 1 0
codecodriver/internal/retrieval/context.go:140.2,141.15 2 1
codecodriver/internal/retrieval/context.go:141.15,143.3 1 1
codecodriver/internal/retrieval/context.go:144.2,144.32 1 1
codecodriver/internal/retrieval/context.go:147.42,150.56 3 1
codecodriver/internal/retrieval/context.go:150.56,152.3 1 1
codecodriver/internal/retrieval/context.go:153.2,153.13 1 1
codecodriver/internal/retrieval/context.go:154.46,155.43 1 0
codecodriver/internal/retrieval/context.go:157.2,157.84 1 1
codecodriver/internal/retrieval/context.go:157.84,158.37 1 1
codecodriver/internal/retrieval/context.go:158.37,160.4 1 0
codecodriver/internal/retrieval/context.go:162.2,162.11 1 1
codecodriver/internal/retrieval/context.go:165.44,169.21 4 1
codecodriver/internal/retrieval/context.go:169.21,172.3 2 1
codecodriver/internal/retrieval/context.go:173.2,173.47 1 1
codecodriver/internal/memory/conflict.go:24.93,25.18 1 1
codecodriver/internal/memory/conflict.go:25.18,27.3 1 1
codecodriver/internal/memory/conflict.go:28.2,30.35 3 1
codecodriver/internal/memory/conflict.go:30.35,32.17 2 1
codecodriver/internal/memory/conflict.go:32.17,34.23 2 0
codecodriver/internal/memory/conflict.go:34.23,36.5 1 0
codecodriver/internal/memory/conflict.go:37.4,37.12 1 0
codecodriver/internal/memory/conflict.go:39.3,39.55 1 1
codecodriver/internal/memory/conflict.go:39.55,40.12 1 1
codecodriver/internal/memory/conflict.go:42.3,43.17 2 1
codecodriver/internal/memory/conflict.go:43.17,45.23 2 0
codecodriver/internal/memory/conflict.go:45.23,47.5 1 0
codecodriver/internal/memory/conflict.go:48.4,48.12 1 0
codecodriver/internal/memory/conflict.go:50.3,50.38 1 1
codecodriver/internal/memory/conflict.go:50.38,51.54 1 1
codecodriver/internal/memory/conflict.go:51.54,52.13 1 1
codecodriver/internal/memory/conflict.go:54.4,55.79 2 1
codecodriver/internal/memory/conflict.go:55.79,56.13 1 0
codecodriver/internal/memory/conflict.go:58.4,58.67 1 1
codecodriver/internal/memory/conflict.go:58.67,60.24 2 0
codecodriver/internal/memory/conflict.go:60.24,62.6 1 0
codecodriver/internal/memory/conflict.go:63.5,63.13 1 0
codecodriver/internal/memory/conflict.go:65.4,65.25 1 1
codecodriver/internal/memory/conflict.go:68.2,68.17 1 1
codecodriver/internal/memory/conflict.go:71.68,73.2 1 1
codecodriver/internal/memory/conflict.go:75.53,77.2 1 1
codecodriver/internal/memory/conflict.go:79.41,80.18 1 1
codecodriver/internal/memory/conflict.go:80.18,82.3 1 0
codecodriver/internal/memory/conflict.go:83.2,83.27 1 1
codecodriver/internal/memory/conflict.go:86.99,90.16 4 1
codecodriver/internal/memory/conflict.go:90.16,92.3 1 0
codecodriver/internal/memory/conflict.go:93.2,95.15 3 1
codecodriver/internal/memory/conflict.go:95.15,97.3 1 0
codecodriver/internal/memory/conflict.go:98.2,98.61 1 1
codecodriver/internal/memory/conflict.go:98.61,100.3 1 0
codecodriver/internal/memory/conflict.go:101.2,101.48 1 1
codecodriver/internal/memory/conflict.go:101.48,103.3 1 0
codecodriver/internal/memory/conflict.go:104.2,105.16 2 1
codecodriver/internal/memory/conflict.go:105.16,107.3 1 0
codecodriver/internal/memory/conflict.go:108.2,133.52 4 1
codecodriver/internal/memory/conflict.go:133.52,135.3 1 0
codecodriver/internal/memory/conflict.go:136.2,136.90 1 1
codecodriver/internal/memory/conflict.go:136.90,138.3 1 0
codecodriver/internal/memory/conflict.go:139.2,139.90 1 1
codecodriver/internal/memory/conflict.go:139.90,141.3 1 0
codecodriver/internal/memory/conflict.go:142.2,144.54 3 1
codecodriver/internal/memory/conflict.go:144.54,146.3 1 0
codecodriver/internal/memory/conflict.go:147.2,147.38 1 1
codecodriver/internal/memory/dedup.go:14.86,16.35 2 1
codecodriver/internal/memory/dedup.go:16.35,18.17 2 1
codecodriver/internal/memory/dedup.go:18.17,20.23 2 0
codecodriver/internal/memory/dedup.go:20.23,22.5 1 0
codecodriver/internal/memory/dedup.go:23.4,23.12 1 0
codecodriver/internal/memory/dedup.go:25.3,25.29 1 1
codecodriver/internal/memory/dedup.go:25.29,26.12 1 0
codecodriver/internal/memory/dedup.go:28.3,29.17 2 1
codecodriver/internal/memory/dedup.go:29.17,31.23 2 0
codecodriver/internal/memory/dedup.go:31.23,33.5 1 0
codecodriver/internal/memory/dedup.go:34.4,34.12 1 0
codecodriver/internal/memory/dedup.go:36.3,36.40 1 1
codecodriver/internal/memory/dedup.go:36.40,37.99 1 1
codecodriver/internal/memory/dedup.go:37.99,38.13 1 1
codecodriver/internal/memory/dedup.go:40.4,40.58 1 1
codecodriver/internal/memory/dedup.go:40.58,41.13 1 1
codecodriver/internal/memory/dedup.go:43.4,44.34 2 1
codecodriver/internal/memory/dedup.go:44.34,45.13 1 0
codecodriver/internal/memory/dedup.go:47.4,48.58 2 1
codecodriver/internal/memory/dedup.go:48.58,50.24 2 0
codecodriver/internal/memory/dedup.go:50.24,52.6 1 0
codecodriver/internal/memory/dedup.go:53.5,53.13 1 0
codecodriver/internal/memory/dedup.go:55.4,55.48 1 1
codecodriver/internal/memory/dedup.go:58.2,58.17 1 1
codecodriver/internal/memory/dedup.go:61.52,62.60 1 1
codecodriver/internal/memory/dedup.go:62.60,64.3 1 0
codecodriver/internal/memory/dedup.go:65.2,65.77 1 1
codecodriver/internal/memory/dedup.go:68.57,70.2 1 1
codecodriver/internal/memory/dedup.go:72.50,74.2 1 1
codecodriver/internal/memory/dedup.go:76.62,81.63 5 1
codecodriver/internal/memory/dedup.go:81.63,83.3 1 1
codecodriver/internal/memory/dedup.go:84.2,84.84 1 1
codecodriver/internal/memory/dedup.go:87.91,88.51 1 1
codecodriver/internal/memory/dedup.go:88.51,90.3 1 0
codecodriver/internal/memory/dedup.go:91.2,91.20 1 1
codecodriver/internal/memory/dedup.go:94.55,96.64 2 1
codecodriver/internal/memory/dedup.go:96.64,98.3 1 0
codecodriver/internal/memory/dedup.go:99.2,99.41 1 1
codecodriver/internal/memory/dedup.go:99.41,101.3 1 0
codecodriver/internal/memory/dedup.go:102.2,102.27 1 1
codecodriver/internal/memory/dedup.go:102.27,104.3 1 1
codecodriver/internal/memory/dedup.go:105.2,105.17 1 1
codecodriver/internal/memory/dedup.go:108.47,111.51 3 1
codecodriver/internal/memory/dedup.go:111.51,113.3 1 0
codecodriver/internal/memory/dedup.go:114.2,115.32 2 1
codecodriver/internal/memory/dedup.go:115.32,116.25 1 1
codecodriver/internal/memory/dedup.go:116.25,118.4 1 1
codecodriver/internal/memory/dedup.go:120.2,121.16 2 1
codecodriver/internal/memory/dedup.go:121.16,123.3 1 0
codecodriver/internal/memory/dedup.go:124.2,124.42 1 1
codecodriver/internal/memory/dedup.go:127.45,129.63 2 1
codecodriver/internal/memory/dedup.go:129.63,130.22 1 1
codecodriver/internal/memory/dedup.go:130.22,132.4 1 1
codecodriver/internal/memory/dedup.go:134.2,134.12 1 1
codecodriver/internal/memory/dedup.go:137.44,140.45 3 1
codecodriver/internal/memory/dedup.go:140.45,142.3 1 0
codecodriver/internal/memory/dedup.go:143.2,144.29 2 1
codecodriver/internal/memory/dedup.go:144.29,145.22 1 1
codecodriver/internal/memory/dedup.go:145.22,147.4 1 1
codecodriver/internal/memory/dedup.go:149.2,150.16 2 1
codecodriver/internal/memory/dedup.go:150.16,152.3 1 0
codecodriver/internal/memory/dedup.go:153.2,153.42 1 1
codecodriver/internal/memory/dedup.go:156.49,158.31 2 1
codecodriver/internal/memory/dedup.go:158.31,160.3 1 1
codecodriver/internal/memory/dedup.go:161.2,161.12 1 1
codecodriver/internal/memory/dedup.go:164.54,165.66 1 1
codecodriver/internal/memory/dedup.go:165.66,167.3 1 1
codecodriver/internal/memory/dedup.go:168.2,169.22 2 1
codecodriver/internal/memory/dedup.go:169.22,173.3 3 1
codecodriver/internal/memory/dedup.go:174.2,174.37 1 1
codecodriver/internal/memory/dedup.go:174.37,176.3 1 1
codecodriver/internal/memory/dedup.go:177.2,177.59 1 1
codecodriver/internal/memory/dedup.go:180.57,182.16 2 1
codecodriver/internal/memory/dedup.go:182.16,185.3 2 0
codecodriver/internal/memory/dedup.go:186.2,186.29 1 1
codecodriver/internal/memory/dedup.go:186.29,188.17 2 0
codecodriver/internal/memory/dedup.go:188.17,190.12 2 0
codecodriver/internal/memory/dedup.go:192.3,200.5 1 0
codecodriver/internal/memory/refine.go:20.64,23.15 3 1
codecodriver/internal/memory/refine.go:23.15,25.3 1 0
codecodriver/internal/memory/refine.go:26.2,26.61 1 1
codecodriver/internal/memory/refine.go:26.61,28.3 1 0
codecodriver/internal/memory/refine.go:29.2,29.54 1 1
codecodriver/internal/memory/refine.go:29.54,31.3 1 0
codecodriver/internal/memory/refine.go:32.2,32.20 1 1
codecodriver/internal/memory/refine.go:35.76,37.15 2 1
codecodriver/internal/memory/refine.go:37.15,39.3 1 0
codecodriver/internal/memory/refine.go:40.2,41.61 2 1
codecodriver/internal/memory/refine.go:41.61,43.3 1 0
codecodriver/internal/memory/refine.go:44.2,44.26 1 1
codecodriver/internal/memory/refine.go:44.26,46.3 1 0
codecodriver/internal/memory/refine.go:47.2,47.24 1 1
codecodriver/internal/memory/refine.go:47.24,48.58 1 1
codecodriver/internal/memory/refine.go:48.58,50.4 1 0
codecodriver/internal/memory/refine.go:52.2,52.20 1 1
codecodriver/internal/memory/refine.go:55.56,56.90 1 1
codecodriver/internal/memory/refine.go:56.90,58.3 1 0
codecodriver/internal/memory/refine.go:59.2,59.12 1 1
codecodriver/internal/memory/refine.go:62.39,65.30 3 1
codecodriver/internal/memory/refine.go:65.30,67.3 1 0
codecodriver/internal/memory/refine.go:68.2,68.29 1 1
codecodriver/internal/memory/refine.go:71.44,74.30 3 1
codecodriver/internal/memory/refine.go:74.30,76.3 1 0
codecodriver/internal/memory/refine.go:77.2,77.29 1 1
codecodriver/internal/memory/service.go:21.57,23.2 1 1
codecodriver/internal/memory/service.go:27.84,28.32 1 1
codecodriver/internal/memory/service.go:28.32,30.3 1 0
codecodriver/internal/memory/service.go:31.2,32.69 2 1
codecodriver/internal/memory/service.go:32.69,34.3 1 0
codecodriver/internal/memory/service.go:35.2,35.69 1 1
codecodriver/internal/memory/service.go:35.69,37.3 1 0
codecodriver/internal/memory/service.go:38.2,38.76 1 1
codecodriver/internal/memory/service.go:38.76,40.3 1 0
codecodriver/internal/memory/service.go:41.2,41.17 1 1
codecodriver/internal/memory/service.go:44.86,45.18 1 1
codecodriver/internal/memory/service.go:45.18,47.3 1 1
codecodriver/internal/memory/service.go:48.2,50.32 3 1
codecodriver/internal/memory/service.go:50.32,51.24 1 1
codecodriver/internal/memory/service.go:51.24,52.12 1 1
codecodriver/internal/memory/service.go:54.3,55.42 2 1
codecodriver/internal/memory/service.go:55.42,56.71 1 0
codecodriver/internal/memory/service.go:56.71,58.5 1 0
codecodriver/internal/memory/service.go:59.4,59.34 1 0
codecodriver/internal/memory/service.go:62.2,62.20 1 1
codecodriver/internal/memory/service.go:62.20,63.70 1 1
codecodriver/internal/memory/service.go:63.70,65.4 1 0
codecodriver/internal/memory/service.go:67.2,67.17 1 1
codecodriver/internal/memory/service.go:70.82,72.16 2 1
codecodriver/internal/memory/service.go:72.16,74.3 1 0
codecodriver/internal/memory/service.go:75.2,76.16 2 1
codecodriver/internal/memory/service.go:76.16,78.3 1 0
codecodriver/internal/memory/service.go:79.2,79.51 1 1
codecodriver/internal/memory/service.go:82.88,83.23 1 1
codecodriver/internal/memory/service.go:83.23,85.3 1 0
codecodriver/internal/memory/service.go:86.2,86.23 1 1
codecodriver/internal/memory/service.go:86.23,88.3 1 1
codecodriver/internal/memory/service.go:89.2,91.32 3 1
codecodriver/internal/memory/service.go:91.32,93.3 1 1
codecodriver/internal/memory/service.go:94.2,95.16 2 1
codecodriver/internal/memory/service.go:95.16,97.3 1 0
codecodriver/internal/memory/service.go:98.2,99.16 2 1
codecodriver/internal/memory/service.go:99.16,101.3 1 0
codecodriver/internal/memory/service.go:102.2,103.32 2 1
codecodriver/internal/memory/service.go:103.32,104.90 1 1
codecodriver/internal/memory/service.go:104.90,106.4 1 0
codecodriver/internal/memory/service.go:108.2,108.17 1 1
codecodriver/internal/memory/service.go:111.94,114.2 2 1
codecodriver/internal/memory/service.go:116.115,119.16 3 1
codecodriver/internal/memory/service.go:119.16,121.3 1 0
codecodriver/internal/memory/service.go:122.2,123.38 2 1
codecodriver/internal/memory/service.go:123.38,125.3 1 0
codecodriver/internal/memory/service.go:126.2,127.36 2 1
codecodriver/internal/memory/service.go:127.36,129.3 1 1
codecodriver/internal/memory/service.go:130.2,131.23 2 1
codecodriver/internal/memory/service.go:131.23,133.3 1 1
codecodriver/internal/memory/service.go:134.2,156.51 2 1
codecodriver/internal/memory/service.go:156.51,158.3 1 0
codecodriver/internal/memory/service.go:159.2,159.85 1 1
codecodriver/internal/memory/service.go:159.85,161.3 1 0
codecodriver/internal/memory/service.go:162.2,163.52 2 1
codecodriver/internal/memory/service.go:163.52,165.3 1 0
codecodriver/internal/memory/service.go:166.2,166.12 1 1
codecodriver/internal/memory/service.go:169.102,171.16 2 1
codecodriver/internal/memory/service.go:171.16,173.3 1 0
codecodriver/internal/memory/service.go:174.2,182.4 1 1
codecodriver/internal/memory/service.go:185.47,186.86 1 1
codecodriver/internal/memory/service.go:186.86,188.3 1 1
codecodriver/internal/memory/service.go:189.2,189.77 1 1
codecodriver/internal/memory/service.go:192.54,194.2 1 1
codecodriver/internal/memory/service.go:196.47,197.35 1 1
codecodriver/internal/memory/service.go:197.35,199.3 1 1
codecodriver/internal/memory/service.go:200.2,200.14 1 1
codecodriver/internal/memory/service.go:203.56,204.19 1 1
codecodriver/internal/memory/service.go:204.19,206.3 1 1
codecodriver/internal/memory/service.go:207.2,207.14 1 1
codecodriver/internal/runtime/agents.go:43.35,43.55 1 0
codecodriver/internal/runtime/agents.go:44.85,46.18 2 0
codecodriver/internal/runtime/agents.go:46.18,48.69 2 0
codecodriver/internal/runtime/agents.go:48.69,49.60 1 0
codecodriver/internal/runtime/agents.go:49.60,51.5 1 0
codecodriver/internal/runtime/agents.go:53.3,54.55 2 0
codecodriver/internal/runtime/agents.go:54.55,56.18 2 0
codecodriver/internal/runtime/agents.go:56.18,58.5 1 0
codecodriver/internal/runtime/agents.go:59.4,60.151 2 0
codecodriver/internal/runtime/agents.go:62.3,63.17 2 0
codecodriver/internal/runtime/agents.go:63.17,65.4 1 0
codecodriver/internal/runtime/agents.go:66.3,66.209 1 0
codecodriver/internal/runtime/agents.go:68.2,68.315 1 0
codecodriver/internal/runtime/agents.go:78.36,78.57 1 0
codecodriver/internal/runtime/agents.go:79.84,86.34 7 1
codecodriver/internal/runtime/agents.go:86.34,87.44 1 1
codecodriver/internal/runtime/agents.go:87.44,89.4 1 1
codecodriver/internal/runtime/agents.go:90.3,90.41 1 1
codecodriver/internal/runtime/agents.go:90.41,92.4 1 1
codecodriver/internal/runtime/agents.go:94.2,95.28 2 1
codecodriver/internal/runtime/agents.go:95.28,99.27 4 1
codecodriver/internal/runtime/agents.go:99.27,100.38 1 1
codecodriver/internal/runtime/agents.go:100.38,102.21 2 1
codecodriver/internal/runtime/agents.go:102.21,104.6 1 1
codecodriver/internal/runtime/agents.go:105.10,105.39 1 1
codecodriver/internal/runtime/agents.go:105.39,107.5 1 1
codecodriver/internal/runtime/agents.go:109.3,109.58 1 1
codecodriver/internal/runtime/agents.go:109.58,111.4 1 1
codecodriver/internal/runtime/agents.go:112.3,112.29 1 1
codecodriver/internal/runtime/agents.go:112.29,114.4 1 1
codecodriver/internal/runtime/agents.go:115.3,115.60 1 1
codecodriver/internal/runtime/agents.go:115.60,117.4 1 0
codecodriver/internal/runtime/agents.go:118.3,118.66 1 1
codecodriver/internal/runtime/agents.go:118.66,120.4 1 1
codecodriver/internal/runtime/agents.go:122.2,122.22 1 1
codecodriver/internal/runtime/agents.go:122.22,123.29 1 1
codecodriver/internal/runtime/agents.go:123.29,124.52 1 1
codecodriver/internal/runtime/agents.go:124.52,125.13 1 0
codecodriver/internal/runtime/agents.go:127.4,128.24 2 1
codecodriver/internal/runtime/agents.go:128.24,129.10 1 0
codecodriver/internal/runtime/agents.go:133.2,133.47 1 1
codecodriver/internal/runtime/agents.go:133.47,134.41 1 1
codecodriver/internal/runtime/agents.go:134.41,136.4 1 1
codecodriver/internal/runtime/agents.go:137.3,137.51 1 1
codecodriver/internal/runtime/agents.go:139.2,141.28 3 1
codecodriver/internal/runtime/agents.go:141.28,143.3 1 1
codecodriver/internal/runtime/agents.go:144.2,145.29 2 1
codecodriver/internal/runtime/agents.go:145.29,146.32 1 1
codecodriver/internal/runtime/agents.go:146.32,148.4 1 1
codecodriver/internal/runtime/agents.go:150.2,152.20 3 1
codecodriver/internal/runtime/agents.go:152.20,154.3 1 0
codecodriver/internal/runtime/agents.go:155.2,156.311 2 1
codecodriver/internal/runtime/agents.go:159.75,160.39 1 1
codecodriver/internal/runtime/agents.go:160.39,161.30 1 1
codecodriver/internal/runtime/agents.go:161.30,162.58 1 1
codecodriver/internal/runtime/agents.go:162.58,164.5 1 1
codecodriver/internal/runtime/agents.go:167.2,167.11 1 1
codecodriver/internal/runtime/agents.go:170.45,171.29 1 1
codecodriver/internal/runtime/agents.go:171.29,172.96 1 1
codecodriver/internal/runtime/agents.go:172.96,174.4 1 1
codecodriver/internal/runtime/agents.go:176.2,176.14 1 1
codecodriver/internal/runtime/agents.go:179.71,182.27 3 1
codecodriver/internal/runtime/agents.go:182.27,183.39 1 1
codecodriver/internal/runtime/agents.go:183.39,185.4 1 1
codecodriver/internal/runtime/agents.go:186.3,187.36 2 1
codecodriver/internal/runtime/agents.go:189.2,189.30 1 1
codecodriver/internal/runtime/agents.go:189.30,190.25 1 1
codecodriver/internal/runtime/agents.go:190.25,191.9 1 0
codecodriver/internal/runtime/agents.go:193.3,194.17 2 1
codecodriver/internal/runtime/agents.go:194.17,195.53 1 1
codecodriver/internal/runtime/agents.go:195.53,197.5 1 1
codecodriver/internal/runtime/agents.go:197.10,197.55 1 1
codecodriver/internal/runtime/agents.go:197.55,199.5 1 1
codecodriver/internal/runtime/agents.go:202.2,202.17 1 1
codecodriver/internal/runtime/agents.go:207.33,207.51 1 0
codecodriver/internal/runtime/agents.go:208.83,209.18 1 1
codecodriver/internal/runtime/agents.go:209.18,211.17 2 1
codecodriver/internal/runtime/agents.go:211.17,213.4 1 0
codecodriver/internal/runtime/agents.go:214.3,215.69 2 1
codecodriver/internal/runtime/agents.go:215.69,216.60 1 1
codecodriver/internal/runtime/agents.go:216.60,218.5 1 1
codecodriver/internal/runtime/agents.go:220.3,220.20 1 1
codecodriver/internal/runtime/agents.go:220.20,222.4 1 1
codecodriver/internal/runtime/agents.go:223.3,226.17 4 1
codecodriver/internal/runtime/agents.go:226.17,228.4 1 0
codecodriver/internal/runtime/agents.go:229.3,229.274 1 1
codecodriver/internal/runtime/agents.go:231.2,232.251 2 0
codecodriver/internal/runtime/agents.go:237.32,237.49 1 0
codecodriver/internal/runtime/agents.go:238.82,240.9 2 0
codecodriver/internal/runtime/agents.go:240.9,243.3 2 0
codecodriver/internal/runtime/agents.go:244.2,245.36 2 0
codecodriver/internal/runtime/agents.go:245.36,247.3 1 0
codecodriver/internal/runtime/agents.go:248.2,248.19 1 0
codecodriver/internal/runtime/agents.go:248.19,250.3 1 0
codecodriver/internal/runtime/agents.go:251.2,252.149 2 0
codecodriver/internal/runtime/agents.go:257.36,257.57 1 0
codecodriver/internal/runtime/agents.go:258.86,259.18 1 1
codecodriver/internal/runtime/agents.go:259.18,261.17 2 1
codecodriver/internal/runtime/agents.go:261.17,263.4 1 0
codecodriver/internal/runtime/agents.go:264.3,265.69 2 1
codecodriver/internal/runtime/agents.go:265.69,266.60 1 1
codecodriver/internal/runtime/agents.go:266.60,268.5 1 1
codecodriver/internal/runtime/agents.go:270.3,271.17 2 1
codecodriver/internal/runtime/agents.go:271.17,273.4 1 0
codecodriver/internal/runtime/agents.go:274.3,275.227 2 1
codecodriver/internal/runtime/agents.go:277.2,278.97 2 0
codecodriver/internal/runtime/agents.go:278.97,280.3 1 0
codecodriver/internal/runtime/agents.go:281.2,281.272 1 0
codecodriver/internal/runtime/agents.go:284.49,288.39 4 1
codecodriver/internal/runtime/agents.go:288.39,290.40 2 1
codecodriver/internal/runtime/agents.go:290.40,291.59 1 1
codecodriver/internal/runtime/agents.go:291.59,293.5 1 1
codecodriver/internal/runtime/agents.go:296.2,297.39 2 1
codecodriver/internal/runtime/agents.go:297.39,298.70 1 1
codecodriver/internal/runtime/agents.go:298.70,300.4 1 0
codecodriver/internal/runtime/agents.go:302.2,302.21 1 1
codecodriver/internal/runtime/agents.go:305.69,307.9 2 0
codecodriver/internal/runtime/agents.go:307.9,309.3 1 0
codecodriver/internal/runtime/agents.go:310.2,311.9 2 0
codecodriver/internal/runtime/agents.go:311.9,313.3 1 0
codecodriver/internal/runtime/agents.go:314.2,315.58 2 0
codecodriver/internal/runtime/agents.go:318.40,320.16 2 0
codecodriver/internal/runtime/agents.go:320.16,322.3 1 0
codecodriver/internal/runtime/agents.go:323.2,323.24 1 0
codecodriver/internal/runtime/agents.go:326.34,328.77 2 1
codecodriver/internal/runtime/agents.go:328.77,328.135 1 1
codecodriver/internal/runtime/agents.go:328.137,329.30 1 1
codecodriver/internal/runtime/agents.go:329.30,332.4 2 1
codecodriver/internal/runtime/agents.go:334.2,334.12 1 1
codecodriver/internal/runtime/agents.go:337.59,338.24 1 1
codecodriver/internal/runtime/agents.go:338.24,340.3 1 0
codecodriver/internal/runtime/agents.go:341.2,342.34 2 1
codecodriver/internal/runtime/agents.go:342.34,344.17 2 1
codecodriver/internal/runtime/agents.go:344.17,346.4 1 0
codecodriver/internal/runtime/agents.go:347.3,348.19 2 1
codecodriver/internal/runtime/agents.go:348.19,350.4 1 0
codecodriver/internal/runtime/agents.go:351.3,351.27 1 1
codecodriver/internal/runtime/agents.go:351.27,353.4 1 1
codecodriver/internal/runtime/agents.go:354.3,354.29 1 1
codecodriver/internal/runtime/agents.go:354.29,356.4 1 1
codecodriver/internal/runtime/agents.go:357.3,357.35 1 1
codecodriver/internal/runtime/agents.go:357.35,359.4 1 1
codecodriver/internal/runtime/agents.go:360.3,360.30 1 1
codecodriver/internal/runtime/agents.go:360.30,362.4 1 0
codecodriver/internal/runtime/agents.go:363.3,363.104 1 1
codecodriver/internal/runtime/agents.go:365.2,365.25 1 1
codecodriver/internal/runtime/agents.go:368.55,370.23 2 1
codecodriver/internal/runtime/agents.go:370.23,372.3 1 1
codecodriver/internal/runtime/agents.go:373.2,373.36 1 0
codecodriver/internal/runtime/agents.go:376.93,377.22 1 1
codecodriver/internal/runtime/agents.go:377.22,379.3 1 1
codecodriver/internal/runtime/agents.go:380.2,380.33 1 1
codecodriver/internal/runtime/agents.go:380.33,381.53 1 0
codecodriver/internal/runtime/agents.go:381.53,383.4 1 0
codecodriver/internal/runtime/agents.go:385.2,385.14 1 1
codecodriver/internal/runtime/agents.go:388.72,390.29 2 1
codecodriver/internal/runtime/agents.go:390.29,392.3 1 1
codecodriver/internal/runtime/agents.go:393.2,395.33 3 1
codecodriver/internal/runtime/agents.go:395.33,396.52 1 0
codecodriver/internal/runtime/agents.go:396.52,397.12 1 0
codecodriver/internal/runtime/agents.go:399.3,401.21 3 0
codecodriver/internal/runtime/agents.go:401.21,402.9 1 0
codecodriver/internal/runtime/agents.go:405.2,405.12 1 1
codecodriver/internal/runtime/service.go:54.63,56.2 1 1
codecodriver/internal/runtime/service.go:58.89,62.2 3 1
codecodriver/internal/runtime/service.go:64.95,67.52 3 1
codecodriver/internal/runtime/service.go:67.52,68.63 1 1
codecodriver/internal/runtime/service.go:68.63,69.52 1 0
codecodriver/internal/runtime/service.go:69.52,71.19 2 0
codecodriver/internal/runtime/service.go:71.19,73.6 1 0
codecodriver/internal/runtime/service.go:74.5,74.366 1 0
codecodriver/internal/runtime/service.go:78.2,78.16 1 1
codecodriver/internal/runtime/service.go:81.58,82.20 1 0
codecodriver/internal/runtime/service.go:82.20,84.3 1 0
codecodriver/internal/runtime/service.go:85.2,86.33 2 0
codecodriver/internal/runtime/service.go:89.45,91.2 1 0
codecodriver/internal/runtime/service.go:93.71,94.26 1 0
codecodriver/internal/runtime/service.go:94.26,96.3 1 0
codecodriver/internal/runtime/service.go:99.64,100.92 1 1
codecodriver/internal/runtime/service.go:100.92,102.17 2 0
codecodriver/internal/runtime/service.go:102.17,104.4 1 0
codecodriver/internal/runtime/service.go:105.3,106.26 2 0
codecodriver/internal/runtime/service.go:106.26,108.4 1 0
codecodriver/internal/runtime/service.go:109.3,109.380 1 0
codecodriver/internal/runtime/service.go:113.46,115.33 2 1
codecodriver/internal/runtime/service.go:115.33,117.3 1 1
codecodriver/internal/runtime/service.go:118.2,118.39 1 1
codecodriver/internal/runtime/service.go:118.39,120.3 1 1
codecodriver/internal/runtime/service.go:121.2,122.18 2 1
codecodriver/internal/runtime/service.go:125.47,126.21 1 1
codecodriver/internal/runtime/service.go:126.21,129.3 2 1
codecodriver/internal/runtime/service.go:130.2,130.6 1 1
codecodriver/internal/runtime/service.go:130.6,131.10 1 1
codecodriver/internal/runtime/service.go:132.21,133.10 1 1
codecodriver/internal/runtime/service.go:134.28,136.26 2 1
codecodriver/internal/runtime/service.go:141.58,142.6 1 1
codecodriver/internal/runtime/service.go:142.6,143.10 1 1
codecodriver/internal/runtime/service.go:144.21,145.10 1 0
codecodriver/internal/runtime/service.go:146.11,146.11 0 1
codecodriver/internal/runtime/service.go:148.3,149.10 2 1
codecodriver/internal/runtime/service.go:149.10,150.11 1 1
codecodriver/internal/runtime/service.go:151.22,152.11 1 1
codecodriver/internal/runtime/service.go:153.46,153.46 0 0
codecodriver/internal/runtime/service.go:155.4,155.12 1 0
codecodriver/internal/runtime/service.go:157.3,157.41 1 1
codecodriver/internal/runtime/service.go:161.82,163.16 2 1
codecodriver/internal/runtime/service.go:163.16,165.3 1 0
codecodriver/internal/runtime/service.go:166.2,166.29 1 1
codecodriver/internal/runtime/service.go:166.29,167.36 1 1
codecodriver/internal/runtime/service.go:167.36,168.12 1 1
codecodriver/internal/runtime/service.go:170.3,171.24 2 1
codecodriver/internal/runtime/service.go:171.24,172.12 1 1
codecodriver/internal/runtime/service.go:174.3,175.53 2 1
codecodriver/internal/runtime/service.go:175.53,177.12 2 0
codecodriver/internal/runtime/service.go:179.3,179.32 1 1
codecodriver/internal/runtime/service.go:181.2,181.33 1 1
codecodriver/internal/runtime/service.go:184.53,185.16 1 1
codecodriver/internal/runtime/service.go:186.202,187.14 1 1
codecodriver/internal/runtime/service.go:188.10,189.15 1 1
codecodriver/internal/runtime/service.go:193.34,195.16 2 1
codecodriver/internal/runtime/service.go:195.16,197.3 1 0
codecodriver/internal/runtime/service.go:198.2,198.29 1 1
codecodriver/internal/runtime/service.go:198.29,199.22 1 1
codecodriver/internal/runtime/service.go:200.27,201.23 1 1
codecodriver/internal/runtime/service.go:201.23,203.5 1 1
codecodriver/internal/runtime/service.go:204.183,206.21 2 1
codecodriver/internal/runtime/service.go:206.21,207.13 1 0
codecodriver/internal/runtime/service.go:209.4,209.29 1 1
codecodriver/internal/runtime/service.go:209.29,210.29 1 1
codecodriver/internal/runtime/service.go:210.29,212.6 1 1
codecodriver/internal/runtime/service.go:214.4,214.128 1 1
codecodriver/internal/runtime/service.go:214.128,216.5 1 1
codecodriver/internal/runtime/service.go:221.42,222.21 1 1
codecodriver/internal/runtime/service.go:222.21,224.3 1 0
codecodriver/internal/runtime/service.go:225.2,227.22 3 1
codecodriver/internal/runtime/service.go:227.22,230.3 2 1
codecodriver/internal/runtime/service.go:231.2,233.9 3 1
codecodriver/internal/runtime/service.go:234.25,234.25 0 1
codecodriver/internal/runtime/service.go:235.37,236.25 1 0
codecodriver/internal/runtime/service.go:239.47,243.2 3 1
codecodriver/internal/runtime/service.go:244.24,246.57 2 1
codecodriver/internal/runtime/service.go:246.57,247.81 1 1
codecodriver/internal/runtime/service.go:247.81,249.4 1 1
codecodriver/internal/runtime/service.go:251.2,251.10 1 1
codecodriver/internal/runtime/service.go:254.30,256.64 2 1
codecodriver/internal/runtime/service.go:256.64,257.80 1 0
codecodriver/internal/runtime/service.go:257.80,259.4 1 0
codecodriver/internal/runtime/service.go:261.2,261.10 1 1
codecodriver/internal/runtime/service.go:264.53,265.6 1 1
codecodriver/internal/runtime/service.go:265.6,266.10 1 1
codecodriver/internal/runtime/service.go:267.21,268.10 1 1
codecodriver/internal/runtime/service.go:269.35,271.33 2 1
codecodriver/internal/runtime/service.go:276.99,277.28 1 1
codecodriver/internal/runtime/service.go:277.28,279.3 1 0
codecodriver/internal/runtime/service.go:280.2,280.15 1 1
codecodriver/internal/runtime/service.go:280.15,281.47 1 1
codecodriver/internal/runtime/service.go:281.47,283.4 1 0
codecodriver/internal/runtime/service.go:285.2,285.66 1 1
codecodriver/internal/runtime/service.go:285.66,286.63 1 1
codecodriver/internal/runtime/service.go:286.63,288.4 1 1
codecodriver/internal/runtime/service.go:288.9,290.4 1 0
codecodriver/internal/runtime/service.go:291.3,291.40 1 0
codecodriver/internal/runtime/service.go:291.40,292.11 1 0
codecodriver/internal/runtime/service.go:293.22,294.11 1 0
codecodriver/internal/runtime/service.go:295.60,295.60 0 0
codecodriver/internal/runtime/service.go:299.2,299.113 1 0
codecodriver/internal/runtime/service.go:302.73,303.73 1 1
codecodriver/internal/runtime/service.go:303.73,305.3 1 0
codecodriver/internal/runtime/service.go:306.2,308.32 3 1
codecodriver/internal/runtime/service.go:308.32,309.50 1 1
codecodriver/internal/runtime/service.go:309.50,310.12 1 0
codecodriver/internal/runtime/service.go:312.3,313.31 2 1
codecodriver/internal/runtime/service.go:315.2,316.21 2 1
codecodriver/internal/runtime/service.go:316.21,318.3 1 0
codecodriver/internal/runtime/service.go:319.2,319.9 1 1
codecodriver/internal/runtime/service.go:320.30,320.30 0 1
codecodriver/internal/runtime/service.go:321.10,323.31 2 0
codecodriver/internal/runtime/service.go:323.31,325.4 1 0
codecodriver/internal/runtime/service.go:326.3,327.103 2 0
codecodriver/internal/runtime/service.go:331.68,334.32 3 1
codecodriver/internal/runtime/service.go:334.32,336.3 1 1
codecodriver/internal/runtime/service.go:339.64,340.28 1 1
codecodriver/internal/runtime/service.go:340.28,342.3 1 1
codecodriver/internal/runtime/service.go:343.2,344.16 2 1
codecodriver/internal/runtime/service.go:344.16,347.3 2 0
codecodriver/internal/runtime/service.go:348.2,348.23 1 1
codecodriver/internal/runtime/service.go:348.23,350.3 1 0
codecodriver/internal/runtime/service.go:351.2,352.36 2 1
codecodriver/internal/runtime/service.go:355.108,357.16 2 0
codecodriver/internal/runtime/service.go:357.16,359.3 1 0
codecodriver/internal/runtime/service.go:360.2,360.19 1 0
codecodriver/internal/runtime/service.go:360.19,362.3 1 0
codecodriver/internal/runtime/service.go:363.2,365.16 3 0
codecodriver/internal/runtime/service.go:365.16,367.3 1 0
codecodriver/internal/runtime/service.go:368.2,369.27 2 0
codecodriver/internal/runtime/service.go:369.27,371.3 1 0
codecodriver/internal/runtime/service.go:372.2,373.21 2 0
codecodriver/internal/runtime/service.go:373.21,375.3 1 0
codecodriver/internal/runtime/service.go:376.2,376.52 1 0
codecodriver/internal/runtime/service.go:376.52,378.3 1 0
codecodriver/internal/runtime/service.go:379.2,379.35 1 0
codecodriver/internal/runtime/service.go:382.73,384.16 2 0
codecodriver/internal/runtime/service.go:384.16,386.3 1 0
codecodriver/internal/runtime/service.go:387.2,388.16 2 0
codecodriver/internal/runtime/service.go:388.16,390.3 1 0
codecodriver/internal/runtime/service.go:391.2,391.63 1 0
codecodriver/internal/runtime/service.go:391.63,393.3 1 0
codecodriver/internal/runtime/service.go:394.2,394.18 1 0
codecodriver/internal/runtime/service.go:397.86,399.2 1 0
codecodriver/internal/runtime/service.go:401.100,402.54 1 0
codecodriver/internal/runtime/service.go:402.54,404.3 1 0
codecodriver/internal/runtime/service.go:405.2,405.42 1 0
codecodriver/internal/runtime/service.go:405.42,407.3 1 0
codecodriver/internal/runtime/service.go:408.2,410.16 3 0
codecodriver/internal/runtime/service.go:410.16,412.3 1 0
codecodriver/internal/runtime/service.go:413.2,414.46 2 0
codecodriver/internal/runtime/service.go:414.46,416.3 1 0
codecodriver/internal/runtime/service.go:417.2,417.13 1 0
codecodriver/internal/runtime/service.go:417.13,419.3 1 0
codecodriver/internal/runtime/service.go:420.2,420.18 1 0
codecodriver/internal/runtime/service.go:423.124,425.16 2 0
codecodriver/internal/runtime/service.go:425.16,427.3 1 0
codecodriver/internal/runtime/service.go:428.2,428.16 1 0
codecodriver/internal/runtime/service.go:428.16,430.3 1 0
codecodriver/internal/runtime/service.go:431.2,432.16 2 0
codecodriver/internal/runtime/service.go:432.16,434.3 1 0
codecodriver/internal/runtime/service.go:435.2,437.16 3 0
codecodriver/internal/runtime/service.go:437.16,439.3 1 0
codecodriver/internal/runtime/service.go:440.2,441.23 2 0
codecodriver/internal/runtime/service.go:441.23,443.3 1 0
codecodriver/internal/runtime/service.go:444.2,445.54 2 0
codecodriver/internal/runtime/service.go:445.54,447.3 1 0
codecodriver/internal/runtime/service.go:448.2,449.23 2 0
codecodriver/internal/runtime/service.go:452.51,455.16 3 1
codecodriver/internal/runtime/service.go:455.16,457.3 1 0
codecodriver/internal/runtime/service.go:458.2,458.21 1 1
codecodriver/internal/runtime/service.go:459.93,460.65 1 0
codecodriver/internal/runtime/service.go:462.2,462.94 1 1
codecodriver/internal/runtime/service.go:462.94,464.3 1 0
codecodriver/internal/runtime/service.go:465.2,466.52 2 1
codecodriver/internal/runtime/service.go:466.52,468.3 1 1
codecodriver/internal/runtime/service.go:469.2,470.12 2 1
codecodriver/internal/runtime/service.go:473.103,475.16 2 1
codecodriver/internal/runtime/service.go:475.16,477.3 1 0
codecodriver/internal/runtime/service.go:478.2,478.43 1 1
codecodriver/internal/runtime/service.go:478.43,480.3 1 0
codecodriver/internal/runtime/service.go:481.2,484.13 4 1
codecodriver/internal/runtime/service.go:484.13,487.3 2 1
codecodriver/internal/runtime/service.go:488.2,488.18 1 1
codecodriver/internal/runtime/service.go:488.18,490.3 1 1
codecodriver/internal/runtime/service.go:491.2,491.69 1 1
codecodriver/internal/runtime/service.go:491.69,493.3 1 0
codecodriver/internal/runtime/service.go:494.2,500.19 6 1
codecodriver/internal/runtime/service.go:500.19,502.3 1 0
codecodriver/internal/runtime/service.go:503.2,503.55 1 1
codecodriver/internal/runtime/service.go:503.55,505.14 2 1
codecodriver/internal/runtime/service.go:505.14,507.4 1 1
codecodriver/internal/runtime/service.go:508.3,516.5 1 1
codecodriver/internal/runtime/service.go:518.2,518.18 1 1
codecodriver/internal/runtime/service.go:521.63,523.2 1 1
codecodriver/internal/runtime/service.go:525.91,528.12 3 1
codecodriver/internal/runtime/service.go:528.12,531.3 2 1
codecodriver/internal/runtime/service.go:532.2,535.53 4 1
codecodriver/internal/runtime/service.go:538.72,541.6 3 1
codecodriver/internal/runtime/service.go:541.6,542.10 1 1
codecodriver/internal/runtime/service.go:543.21,544.10 1 1
codecodriver/internal/runtime/service.go:545.19,546.65 1 0
codecodriver/internal/runtime/service.go:546.65,548.5 1 0
codecodriver/internal/runtime/service.go:553.89,556.16 3 1
codecodriver/internal/runtime/service.go:556.16,558.3 1 0
codecodriver/internal/runtime/service.go:559.2,559.41 1 1
codecodriver/internal/runtime/service.go:559.41,561.3 1 0
codecodriver/internal/runtime/service.go:562.2,566.15 5 1
codecodriver/internal/runtime/service.go:566.15,571.3 4 1
codecodriver/internal/runtime/service.go:572.2,573.16 2 1
codecodriver/internal/runtime/service.go:573.16,576.3 2 0
codecodriver/internal/runtime/service.go:577.2,578.16 2 1
codecodriver/internal/runtime/service.go:578.16,581.3 2 0
codecodriver/internal/runtime/service.go:582.2,583.20 2 1
codecodriver/internal/runtime/service.go:583.20,585.3 1 1
codecodriver/internal/runtime/service.go:586.2,586.29 1 1
codecodriver/internal/runtime/service.go:586.29,587.21 1 1
codecodriver/internal/runtime/service.go:587.21,590.4 2 0
codecodriver/internal/runtime/service.go:591.3,591.27 1 1
codecodriver/internal/runtime/service.go:593.2,593.71 1 1
codecodriver/internal/runtime/service.go:593.71,594.21 1 1
codecodriver/internal/runtime/service.go:594.21,596.4 1 1
codecodriver/internal/runtime/service.go:597.3,597.56 1 1
codecodriver/internal/runtime/service.go:599.2,599.164 1 1
codecodriver/internal/runtime/service.go:599.164,602.3 2 0
codecodriver/internal/runtime/service.go:603.2,603.29 1 1
codecodriver/internal/runtime/service.go:603.29,604.63 1 0
codecodriver/internal/runtime/service.go:604.63,607.4 2 0
codecodriver/internal/runtime/service.go:608.3,609.17 2 0
codecodriver/internal/runtime/service.go:609.17,612.4 2 0
codecodriver/internal/runtime/service.go:614.2,617.22 4 1
codecodriver/internal/runtime/service.go:617.22,620.3 2 0
codecodriver/internal/runtime/service.go:621.2,622.23 2 1
codecodriver/internal/runtime/service.go:622.23,624.19 2 1
codecodriver/internal/runtime/service.go:624.19,627.4 2 0
codecodriver/internal/runtime/service.go:628.3,628.239 1 1
codecodriver/internal/runtime/service.go:628.239,631.4 2 0
codecodriver/internal/runtime/service.go:633.2,634.16 2 1
codecodriver/internal/runtime/service.go:634.16,637.3 2 1
codecodriver/internal/runtime/service.go:638.2,640.16 3 1
codecodriver/internal/runtime/service.go:640.16,643.3 2 0
codecodriver/internal/runtime/service.go:644.2,648.59 4 1
codecodriver/internal/runtime/service.go:648.59,650.20 2 1
codecodriver/internal/runtime/service.go:650.20,653.4 2 0
codecodriver/internal/runtime/service.go:654.3,656.20 3 1
codecodriver/internal/runtime/service.go:656.20,659.4 2 0
[...]
codecodriver/internal/server/rate_limit.go:23.66,24.71 1 1
codecodriver/internal/server/rate_limit.go:24.71,25.19 1 1
codecodriver/internal/server/rate_limit.go:25.19,28.4 2 0
codecodriver/internal/server/rate_limit.go:29.3,35.63 7 1
codecodriver/internal/server/rate_limit.go:35.63,37.4 1 0
codecodriver/internal/server/rate_limit.go:38.3,39.31 2 1
codecodriver/internal/server/rate_limit.go:39.31,45.4 5 1
codecodriver/internal/server/rate_limit.go:46.3,48.23 3 1
codecodriver/internal/server/rate_limit.go:52.39,53.109 1 1
codecodriver/internal/server/rate_limit.go:53.109,55.3 1 1
codecodriver/internal/server/rate_limit.go:56.2,57.16 2 1
codecodriver/internal/server/rate_limit.go:57.16,59.3 1 1
codecodriver/internal/server/rate_limit.go:60.2,60.21 1 0
codecodriver/internal/llm/deepseek.go:46.46,48.18 2 0
codecodriver/internal/llm/deepseek.go:48.18,50.3 1 0
codecodriver/internal/llm/deepseek.go:51.2,52.19 2 0
codecodriver/internal/llm/deepseek.go:52.19,54.3 1 0
codecodriver/internal/llm/deepseek.go:55.2,56.16 2 0
codecodriver/internal/llm/deepseek.go:56.16,58.3 1 0
codecodriver/internal/llm/deepseek.go:59.2,59.96 1 0
codecodriver/internal/llm/deepseek.go:62.80,63.19 1 1
codecodriver/internal/llm/deepseek.go:63.19,65.3 1 0
codecodriver/internal/llm/deepseek.go:66.2,66.139 1 1
codecodriver/internal/llm/deepseek.go:103.99,107.16 4 1
codecodriver/internal/llm/deepseek.go:107.16,109.3 1 0
codecodriver/internal/llm/deepseek.go:110.2,111.16 2 1
codecodriver/internal/llm/deepseek.go:111.16,113.3 1 0
codecodriver/internal/llm/deepseek.go:114.2,117.16 4 1
codecodriver/internal/llm/deepseek.go:117.16,119.3 1 0
codecodriver/internal/llm/deepseek.go:120.2,122.16 3 1
codecodriver/internal/llm/deepseek.go:122.16,124.3 1 0
codecodriver/internal/llm/deepseek.go:125.2,126.63 2 1
codecodriver/internal/llm/deepseek.go:126.63,128.3 1 0
codecodriver/internal/llm/deepseek.go:129.2,129.53 1 1
codecodriver/internal/llm/deepseek.go:129.53,131.58 2 0
codecodriver/internal/llm/deepseek.go:131.58,133.4 1 0
codecodriver/internal/llm/deepseek.go:134.3,134.84 1 0
codecodriver/internal/llm/deepseek.go:136.2,136.31 1 1
codecodriver/internal/llm/deepseek.go:136.31,138.3 1 0
codecodriver/internal/llm/deepseek.go:139.2,139.65 1 1
codecodriver/internal/llm/deepseek.go:139.65,141.3 1 0
codecodriver/internal/llm/deepseek.go:142.2,142.28 1 1
codecodriver/internal/llm/deepseek.go:142.28,144.17 2 1
codecodriver/internal/llm/deepseek.go:144.17,146.4 1 0
codecodriver/internal/llm/deepseek.go:147.3,147.438 1 1
codecodriver/internal/llm/deepseek.go:149.2,149.67 1 1
codecodriver/internal/llm/deepseek.go:152.59,152.89 1 1
codecodriver/internal/llm/deepseek.go:163.101,168.2 4 1
codecodriver/internal/llm/deepseek.go:169.63,172.2 2 1
codecodriver/internal/llm/deepseek.go:174.63,178.2 3 1
codecodriver/internal/llm/deepseek.go:180.46,182.15 2 1
codecodriver/internal/llm/deepseek.go:182.15,184.3 1 0
codecodriver/internal/llm/deepseek.go:185.2,186.32 2 1
codecodriver/internal/llm/deepseek.go:186.32,188.3 1 1
codecodriver/internal/llm/deepseek.go:189.2,189.50 1 1
codecodriver/internal/tools/gateway.go:47.28,47.73 1 1
codecodriver/internal/tools/gateway.go:49.45,50.38 1 1
codecodriver/internal/tools/gateway.go:50.38,52.3 1 0
codecodriver/internal/tools/gateway.go:53.2,55.47 3 1
codecodriver/internal/tools/gateway.go:55.47,57.3 1 0
codecodriver/internal/tools/gateway.go:58.2,59.12 2 1
codecodriver/internal/tools/gateway.go:62.72,67.2 4 1
codecodriver/internal/tools/gateway.go:69.71,72.34 3 0
codecodriver/internal/tools/gateway.go:72.34,74.3 1 0
codecodriver/internal/tools/gateway.go:75.2,76.31 2 0
codecodriver/internal/tools/gateway.go:76.31,78.3 1 0
codecodriver/internal/tools/gateway.go:79.2,79.38 1 0
codecodriver/internal/tools/gateway.go:82.100,87.9 5 1
codecodriver/internal/tools/gateway.go:87.9,89.3 1 1
codecodriver/internal/tools/gateway.go:90.2,90.54 1 1
codecodriver/internal/tools/gateway.go:90.54,92.3 1 0
codecodriver/internal/tools/gateway.go:93.2,94.34 2 1
codecodriver/internal/tools/gateway.go:94.34,96.26 2 1
codecodriver/internal/tools/gateway.go:96.26,98.4 1 1
codecodriver/internal/tools/gateway.go:100.2,103.24 4 1
codecodriver/internal/tools/gateway.go:103.24,106.3 2 0
codecodriver/internal/tools/gateway.go:107.2,108.57 2 1
codecodriver/internal/tools/gateway.go:108.57,110.41 2 1
codecodriver/internal/tools/gateway.go:110.41,111.9 1 1
codecodriver/internal/tools/gateway.go:114.2,114.21 1 1
codecodriver/internal/tools/gateway.go:114.21,117.3 2 1
codecodriver/internal/tools/gateway.go:118.2,118.20 1 1
codecodriver/internal/tools/gateway.go:130.94,134.2 3 1
codecodriver/internal/tools/gateway.go:136.74,138.2 1 1
codecodriver/internal/tools/gateway.go:140.74,143.2 2 1
codecodriver/internal/tools/gateway.go:145.36,149.28 4 0
codecodriver/internal/tools/gateway.go:149.28,151.3 1 0
codecodriver/internal/tools/gateway.go:152.2,153.14 2 0
codecodriver/internal/tools/gateway.go:161.34,161.55 1 1
codecodriver/internal/tools/gateway.go:162.88,163.22 1 1
codecodriver/internal/tools/gateway.go:163.22,165.3 1 0
codecodriver/internal/tools/gateway.go:166.2,166.34 1 1
codecodriver/internal/tools/mcp.go:24.66,26.2 1 1
codecodriver/internal/tools/mcp.go:28.102,34.16 6 1
codecodriver/internal/tools/mcp.go:34.16,36.3 1 0
codecodriver/internal/tools/mcp.go:37.2,37.63 1 1
codecodriver/internal/tools/mcp.go:37.63,39.3 1 0
codecodriver/internal/tools/mcp.go:40.2,44.12 2 1
codecodriver/internal/tools/mcp.go:44.12,46.21 2 1
codecodriver/internal/tools/mcp.go:46.21,52.4 2 0
codecodriver/internal/tools/mcp.go:53.3,60.57 2 1
codecodriver/internal/tools/mcp.go:60.57,66.4 2 0
codecodriver/internal/tools/mcp.go:67.3,67.28 1 1
codecodriver/internal/tools/mcp.go:67.28,73.4 2 0
codecodriver/internal/tools/mcp.go:74.3,77.28 1 1
codecodriver/internal/tools/mcp.go:79.2,79.9 1 1
codecodriver/internal/tools/mcp.go:80.28,81.38 1 1
codecodriver/internal/tools/mcp.go:82.20,83.24 1 0
codecodriver/internal/tools/mcp.go:87.61,92.16 5 1
codecodriver/internal/tools/mcp.go:92.16,94.3 1 0
codecodriver/internal/tools/mcp.go:95.2,96.12 2 1
codecodriver/internal/tools/mcp.go:99.106,101.16 2 1
codecodriver/internal/tools/mcp.go:101.16,103.3 1 0
codecodriver/internal/tools/mcp.go:104.2,105.55 2 1
codecodriver/internal/tools/mcp.go:105.55,107.3 1 0
codecodriver/internal/tools/mcp.go:108.2,108.37 1 1
codecodriver/internal/tools/mcp.go:111.97,113.16 2 1
codecodriver/internal/tools/mcp.go:113.16,115.3 1 0
codecodriver/internal/tools/mcp.go:116.2,119.57 2 1
codecodriver/internal/tools/mcp.go:119.57,121.3 1 0
codecodriver/internal/tools/mcp.go:122.2,122.80 1 1
codecodriver/internal/tools/mcp.go:122.80,124.3 1 0
codecodriver/internal/tools/mcp.go:125.2,125.35 1 1
codecodriver/internal/tools/mcp.go:128.78,130.16 2 1
codecodriver/internal/tools/mcp.go:130.16,132.3 1 0
codecodriver/internal/tools/mcp.go:133.2,136.57 2 1
codecodriver/internal/tools/mcp.go:136.57,138.3 1 0
codecodriver/internal/tools/mcp.go:139.2,139.28 1 1
codecodriver/internal/tools/mcp.go:147.32,147.54 1 0
codecodriver/internal/tools/mcp.go:148.86,149.21 1 0
codecodriver/internal/tools/mcp.go:149.21,151.3 1 0
codecodriver/internal/tools/mcp.go:152.2,152.51 1 0
codecodriver/internal/tools/mcp.go:155.106,158.16 3 0
codecodriver/internal/tools/mcp.go:158.16,160.3 1 0
codecodriver/internal/tools/mcp.go:161.2,162.16 2 0
codecodriver/internal/tools/mcp.go:162.16,164.3 1 0
codecodriver/internal/tools/mcp.go:165.2,165.36 1 0
codecodriver/internal/tools/mcp.go:165.36,167.3 1 0
codecodriver/internal/tools/mcp.go:168.2,168.46 1 0
codecodriver/internal/tools/sidecar.go:17.58,19.2 1 1
codecodriver/internal/tools/sidecar.go:21.41,21.68 1 0
codecodriver/internal/tools/sidecar.go:23.95,25.16 2 1
codecodriver/internal/tools/sidecar.go:25.16,27.3 1 0
codecodriver/internal/tools/sidecar.go:28.2,29.16 2 1
codecodriver/internal/tools/sidecar.go:29.16,31.3 1 0
codecodriver/internal/tools/sidecar.go:32.2,34.19 3 1
codecodriver/internal/tools/sidecar.go:34.19,36.3 1 0
codecodriver/internal/tools/sidecar.go:37.2,38.16 2 1
codecodriver/internal/tools/sidecar.go:38.16,40.3 1 0
codecodriver/internal/tools/sidecar.go:41.2,42.34 2 1
codecodriver/internal/tools/sidecar.go:42.34,44.3 1 0
codecodriver/internal/tools/sidecar.go:45.2,46.71 2 1
codecodriver/internal/tools/sidecar.go:46.71,48.3 1 0
codecodriver/internal/tools/sidecar.go:49.2,49.37 1 1
codecodriver/internal/sandbox/runner.go:46.33,47.31 1 1
codecodriver/internal/sandbox/runner.go:47.31,49.3 1 1
codecodriver/internal/sandbox/runner.go:50.2,50.33 1 1
codecodriver/internal/sandbox/runner.go:50.33,52.3 1 1
codecodriver/internal/sandbox/runner.go:53.2,53.30 1 1
codecodriver/internal/sandbox/runner.go:53.30,55.3 1 1
codecodriver/internal/sandbox/runner.go:56.2,56.32 1 1
codecodriver/internal/sandbox/runner.go:56.32,58.3 1 1
codecodriver/internal/sandbox/runner.go:59.2,59.32 1 1
codecodriver/internal/sandbox/runner.go:59.32,61.3 1 1
codecodriver/internal/sandbox/runner.go:62.2,62.32 1 1
codecodriver/internal/sandbox/runner.go:65.95,67.16 2 1
codecodriver/internal/sandbox/runner.go:67.16,69.3 1 0
codecodriver/internal/sandbox/runner.go:70.2,72.40 3 1
codecodriver/internal/sandbox/runner.go:72.40,74.3 1 0
codecodriver/internal/sandbox/runner.go:75.2,76.16 2 1
codecodriver/internal/sandbox/runner.go:76.16,78.3 1 1
codecodriver/internal/sandbox/runner.go:79.2,79.65 1 1
codecodriver/internal/sandbox/runner.go:79.65,81.3 1 1
codecodriver/internal/sandbox/runner.go:82.2,83.16 2 1
codecodriver/internal/sandbox/runner.go:83.16,85.3 1 0
codecodriver/internal/sandbox/runner.go:86.2,87.87 2 1
codecodriver/internal/sandbox/runner.go:87.87,89.3 1 0
codecodriver/internal/sandbox/runner.go:90.2,93.16 4 1
codecodriver/internal/sandbox/runner.go:93.16,95.3 1 0
codecodriver/internal/sandbox/runner.go:96.2,98.55 3 1
codecodriver/internal/sandbox/runner.go:98.55,101.3 2 0
codecodriver/internal/sandbox/runner.go:102.2,102.42 1 1
codecodriver/internal/sandbox/runner.go:102.42,104.3 1 0
codecodriver/internal/sandbox/runner.go:105.2,105.134 1 1
codecodriver/internal/sandbox/runner.go:105.134,107.3 1 0
codecodriver/internal/sandbox/runner.go:108.2,108.123 1 1
codecodriver/internal/sandbox/runner.go:108.123,110.3 1 0
codecodriver/internal/sandbox/runner.go:111.2,112.69 2 1
codecodriver/internal/sandbox/runner.go:112.69,115.3 2 1
codecodriver/internal/sandbox/runner.go:116.2,117.23 2 1
codecodriver/internal/sandbox/runner.go:117.23,119.3 1 1
codecodriver/internal/sandbox/runner.go:120.2,124.20 5 1
codecodriver/internal/sandbox/runner.go:124.20,126.3 1 0
codecodriver/internal/sandbox/runner.go:126.8,128.3 1 1
codecodriver/internal/sandbox/runner.go:129.2,129.15 1 1
codecodriver/internal/sandbox/runner.go:132.54,134.21 2 1
codecodriver/internal/sandbox/runner.go:134.21,136.3 1 0
codecodriver/internal/sandbox/runner.go:137.2,137.28 1 1
codecodriver/internal/sandbox/runner.go:140.51,142.64 2 1
codecodriver/internal/sandbox/runner.go:142.64,144.50 2 1
codecodriver/internal/sandbox/runner.go:144.50,146.81 2 1
codecodriver/internal/sandbox/runner.go:146.81,148.5 1 1
codecodriver/internal/sandbox/runner.go:151.2,152.15 2 1
codecodriver/internal/sandbox/runner.go:152.15,154.3 1 1
codecodriver/internal/sandbox/runner.go:155.2,156.51 2 1
codecodriver/internal/sandbox/runner.go:156.51,158.3 1 1
codecodriver/internal/sandbox/runner.go:159.2,159.16 1 1
codecodriver/internal/sandbox/runner.go:159.16,161.3 1 0
codecodriver/internal/sandbox/runner.go:162.2,162.25 1 1
codecodriver/internal/sandbox/runner.go:165.43,167.61 2 1
codecodriver/internal/sandbox/runner.go:167.61,168.91 1 1
codecodriver/internal/sandbox/runner.go:168.91,170.4 1 1
codecodriver/internal/sandbox/runner.go:172.2,172.14 1 1
codecodriver/internal/sandbox/runner.go:175.40,180.29 5 1
codecodriver/internal/sandbox/runner.go:180.29,181.45 1 1
codecodriver/internal/sandbox/runner.go:181.45,185.12 4 0
codecodriver/internal/sandbox/runner.go:187.3,187.38 1 1
codecodriver/internal/sandbox/runner.go:187.38,188.21 1 1
codecodriver/internal/sandbox/runner.go:188.21,190.5 1 1
codecodriver/internal/sandbox/runner.go:191.4,191.67 1 1
codecodriver/internal/sandbox/runner.go:191.67,194.5 2 1
codecodriver/internal/sandbox/runner.go:195.4,197.12 3 1
codecodriver/internal/sandbox/runner.go:199.3,199.48 1 1
codecodriver/internal/sandbox/runner.go:199.48,202.12 3 0
codecodriver/internal/sandbox/runner.go:204.3,204.38 1 1
codecodriver/internal/sandbox/runner.go:204.38,207.12 3 1
codecodriver/internal/sandbox/runner.go:209.3,209.26 1 1
codecodriver/internal/sandbox/runner.go:211.2,211.32 1 1
codecodriver/internal/sandbox/runner.go:214.57,216.21 2 1
codecodriver/internal/sandbox/runner.go:216.21,218.3 1 0
codecodriver/internal/sandbox/runner.go:219.2,220.25 2 1
codecodriver/internal/sandbox/runner.go:220.25,222.3 1 1
codecodriver/internal/sandbox/runner.go:223.2,223.42 1 1
codecodriver/internal/sandbox/runner.go:223.42,224.43 1 1
codecodriver/internal/sandbox/runner.go:224.43,225.12 1 0
codecodriver/internal/sandbox/runner.go:227.3,228.24 2 1
codecodriver/internal/sandbox/runner.go:228.24,229.12 1 0
codecodriver/internal/sandbox/runner.go:231.3,232.24 2 1
codecodriver/internal/sandbox/runner.go:232.24,234.4 1 1
codecodriver/internal/sandbox/runner.go:236.2,236.24 1 0
codecodriver/internal/sandbox/runner.go:239.60,246.22 7 1
codecodriver/internal/sandbox/runner.go:246.22,247.39 1 1
codecodriver/internal/sandbox/runner.go:247.39,248.75 1 1
codecodriver/internal/sandbox/runner.go:248.75,250.5 1 1
codecodriver/internal/sandbox/runner.go:252.3,252.17 1 1
codecodriver/internal/sandbox/runner.go:254.2,254.29 1 1
codecodriver/internal/sandbox/runner.go:254.29,255.10 1 1
codecodriver/internal/sandbox/runner.go:256.47,259.27 3 1
codecodriver/internal/sandbox/runner.go:260.40,263.27 3 1
codecodriver/internal/sandbox/runner.go:264.40,265.25 1 1
codecodriver/internal/sandbox/runner.go:265.25,267.5 1 1
codecodriver/internal/sandbox/runner.go:268.4,268.27 1 1
codecodriver/internal/sandbox/runner.go:269.39,274.27 5 1
codecodriver/internal/sandbox/runner.go:275.11,276.14 1 1
codecodriver/internal/sandbox/runner.go:276.14,277.12 1 1
codecodriver/internal/sandbox/runner.go:278.39,280.34 2 1
codecodriver/internal/sandbox/runner.go:281.39,283.35 2 1
codecodriver/internal/sandbox/runner.go:284.39,285.35 1 1
codecodriver/internal/sandbox/runner.go:286.13,287.17 1 1
codecodriver/internal/sandbox/runner.go:290.4,290.27 1 1
codecodriver/internal/sandbox/runner.go:293.2,294.32 2 1
codecodriver/internal/sandbox/runner.go:297.52,299.21 2 1
codecodriver/internal/sandbox/runner.go:299.21,301.3 1 0
codecodriver/internal/sandbox/runner.go:302.2,303.25 2 1
codecodriver/internal/sandbox/runner.go:303.25,305.3 1 1
codecodriver/internal/sandbox/runner.go:306.2,306.13 1 1
codecodriver/internal/sandbox/runner.go:309.36,311.15 2 1
codecodriver/internal/sandbox/runner.go:311.15,313.3 1 0
codecodriver/internal/sandbox/runner.go:314.2,317.30 4 1
codecodriver/internal/sandbox/runner.go:317.30,319.3 1 1
codecodriver/internal/sandbox/runner.go:320.2,320.14 1 1
codecodriver/internal/sandbox/runner.go:323.65,324.29 1 1
codecodriver/internal/sandbox/runner.go:324.29,326.3 1 0
codecodriver/internal/sandbox/runner.go:327.2,328.16 2 1
codecodriver/internal/sandbox/runner.go:328.16,330.3 1 1
codecodriver/internal/sandbox/runner.go:331.2,334.23 4 1
codecodriver/internal/sandbox/runner.go:334.23,336.3 1 1
codecodriver/internal/sandbox/runner.go:337.2,337.54 1 1
codecodriver/internal/sandbox/runner.go:340.65,342.49 2 1
codecodriver/internal/sandbox/runner.go:342.49,343.39 1 1
codecodriver/internal/sandbox/runner.go:343.39,344.12 1 1
codecodriver/internal/sandbox/runner.go:346.3,347.49 2 1
codecodriver/internal/sandbox/runner.go:347.49,348.12 1 0
codecodriver/internal/sandbox/runner.go:350.3,351.17 2 1
codecodriver/internal/sandbox/runner.go:351.17,353.4 1 1
codecodriver/internal/sandbox/runner.go:354.3,354.27 1 1
codecodriver/internal/sandbox/runner.go:354.27,356.4 1 1
codecodriver/internal/sandbox/runner.go:357.3,357.19 1 1
codecodriver/internal/sandbox/runner.go:357.19,360.4 2 1
codecodriver/internal/sandbox/runner.go:362.2,362.21 1 1
codecodriver/internal/sandbox/runner.go:362.21,364.3 1 0
codecodriver/internal/sandbox/runner.go:365.2,365.27 1 1
codecodriver/internal/sandbox/runner.go:365.27,367.3 1 0
codecodriver/internal/sandbox/runner.go:368.2,368.19 1 1
codecodriver/internal/sandbox/runner.go:371.60,374.49 3 1
codecodriver/internal/sandbox/runner.go:374.49,375.45 1 1
codecodriver/internal/sandbox/runner.go:375.45,377.12 2 1
codecodriver/internal/sandbox/runner.go:379.3,379.38 1 1
codecodriver/internal/sandbox/runner.go:379.38,383.12 4 1
codecodriver/internal/sandbox/runner.go:385.3,385.39 1 1
codecodriver/internal/sandbox/runner.go:385.39,386.12 1 1
codecodriver/internal/sandbox/runner.go:388.3,389.24 2 1
codecodriver/internal/sandbox/runner.go:389.24,390.12 1 0
codecodriver/internal/sandbox/runner.go:392.3,393.17 2 1
codecodriver/internal/sandbox/runner.go:393.17,395.4 1 0
codecodriver/internal/sandbox/runner.go:396.3,396.18 1 1
codecodriver/internal/sandbox/runner.go:396.18,397.12 1 0
codecodriver/internal/sandbox/runner.go:399.3,401.24 3 1
codecodriver/internal/sandbox/runner.go:401.24,403.4 1 1
codecodriver/internal/sandbox/runner.go:404.3,404.26 1 1
codecodriver/internal/sandbox/runner.go:404.26,406.4 1 1
codecodriver/internal/sandbox/runner.go:408.2,408.12 1 1
codecodriver/internal/sandbox/runner.go:411.35,414.2 2 1
codecodriver/internal/sandbox/runner.go:416.49,419.124 3 1
codecodriver/internal/sandbox/runner.go:419.124,421.3 1 1
codecodriver/internal/sandbox/runner.go:422.2,422.18 1 1
codecodriver/internal/sandbox/runner.go:425.38,427.56 2 1
codecodriver/internal/sandbox/runner.go:427.56,429.3 1 1
codecodriver/internal/sandbox/runner.go:430.2,430.45 1 1
codecodriver/internal/sandbox/runner.go:431.46,432.14 1 0
codecodriver/internal/sandbox/runner.go:434.2,434.84 1 1
codecodriver/internal/sandbox/runner.go:434.84,435.37 1 1
codecodriver/internal/sandbox/runner.go:435.37,437.4 1 0
codecodriver/internal/sandbox/runner.go:439.2,439.14 1 1
codecodriver/internal/sandbox/runner.go:442.71,444.92 2 1
codecodriver/internal/sandbox/runner.go:444.92,445.21 1 1
codecodriver/internal/sandbox/runner.go:445.21,447.4 1 0
codecodriver/internal/sandbox/runner.go:448.3,449.17 2 1
codecodriver/internal/sandbox/runner.go:449.17,451.4 1 0
codecodriver/internal/sandbox/runner.go:452.3,452.17 1 1
codecodriver/internal/sandbox/runner.go:452.17,454.4 1 1
codecodriver/internal/sandbox/runner.go:455.3,455.20 1 1
codecodriver/internal/sandbox/runner.go:455.20,456.24 1 0
codecodriver/internal/sandbox/runner.go:457.42,458.28 1 0
codecodriver/internal/sandbox/runner.go:460.4,460.62 1 0
codecodriver/internal/sandbox/runner.go:462.3,462.39 1 1
codecodriver/internal/sandbox/runner.go:462.39,464.4 1 0
codecodriver/internal/sandbox/runner.go:465.3,466.17 2 1
codecodriver/internal/sandbox/runner.go:466.17,468.4 1 0
codecodriver/internal/sandbox/runner.go:469.3,470.24 2 1
codecodriver/internal/sandbox/runner.go:470.24,472.4 1 0
codecodriver/internal/sandbox/runner.go:473.3,474.17 2 1
codecodriver/internal/sandbox/runner.go:474.17,476.4 1 0
codecodriver/internal/sandbox/runner.go:477.3,478.17 2 1
codecodriver/internal/sandbox/runner.go:478.17,481.4 2 0
codecodriver/internal/sandbox/runner.go:482.3,485.21 4 1
codecodriver/internal/sandbox/runner.go:485.21,487.4 1 0
codecodriver/internal/sandbox/runner.go:488.3,488.25 1 1
codecodriver/internal/sandbox/runner.go:488.25,490.4 1 0
codecodriver/internal/sandbox/runner.go:491.3,491.18 1 1
codecodriver/internal/sandbox/runner.go:495.81,497.2 1 1
codecodriver/internal/sandbox/runner.go:499.114,504.2 4 1
codecodriver/internal/sandbox/runner.go:506.54,507.29 1 1
codecodriver/internal/sandbox/runner.go:507.29,509.3 1 1
codecodriver/internal/sandbox/runner.go:510.2,510.51 1 1
codecodriver/internal/sandbox/runner.go:513.58,514.22 1 0
codecodriver/internal/sandbox/runner.go:514.22,516.3 1 0
codecodriver/internal/sandbox/runner.go:517.2,517.20 1 0
